[2025-02-08 11:45:51,455] {taskinstance.py:1032} INFO - Dependencies all met for <TaskInstance: LocalIngestionDag.wget manual__2025-02-08T11:45:49.940786+00:00 [queued]>
[2025-02-08 11:45:51,476] {taskinstance.py:1032} INFO - Dependencies all met for <TaskInstance: LocalIngestionDag.wget manual__2025-02-08T11:45:49.940786+00:00 [queued]>
[2025-02-08 11:45:51,476] {taskinstance.py:1238} INFO - 
--------------------------------------------------------------------------------
[2025-02-08 11:45:51,476] {taskinstance.py:1239} INFO - Starting attempt 1 of 1
[2025-02-08 11:45:51,476] {taskinstance.py:1240} INFO - 
--------------------------------------------------------------------------------
[2025-02-08 11:45:51,499] {taskinstance.py:1259} INFO - Executing <Task(BashOperator): wget> on 2025-02-08 11:45:49.940786+00:00
[2025-02-08 11:45:51,508] {standard_task_runner.py:52} INFO - Started process 432 to run task
[2025-02-08 11:45:51,522] {standard_task_runner.py:76} INFO - Running: ['***', 'tasks', 'run', 'LocalIngestionDag', 'wget', 'manual__2025-02-08T11:45:49.940786+00:00', '--job-id', '8', '--raw', '--subdir', 'DAGS_FOLDER/data_ingestion_local.py', '--cfg-path', '/tmp/tmph2m9iomp', '--error-file', '/tmp/tmp06nw02fv']
[2025-02-08 11:45:51,526] {standard_task_runner.py:77} INFO - Job 8: Subtask wget
[2025-02-08 11:45:51,733] {logging_mixin.py:109} INFO - Running <TaskInstance: LocalIngestionDag.wget manual__2025-02-08T11:45:49.940786+00:00 [running]> on host dfc301afada6
[2025-02-08 11:45:51,840] {taskinstance.py:1426} INFO - Exporting the following env vars:
AIRFLOW_CTX_DAG_OWNER=***
AIRFLOW_CTX_DAG_ID=LocalIngestionDag
AIRFLOW_CTX_TASK_ID=wget
AIRFLOW_CTX_EXECUTION_DATE=2025-02-08T11:45:49.940786+00:00
AIRFLOW_CTX_DAG_RUN_ID=manual__2025-02-08T11:45:49.940786+00:00
[2025-02-08 11:45:51,846] {subprocess.py:62} INFO - Tmp dir root location: 
 /tmp
[2025-02-08 11:45:51,846] {subprocess.py:74} INFO - Running command: ['bash', '-c', 'echo "Hello world"']
[2025-02-08 11:45:51,870] {subprocess.py:85} INFO - Output:
[2025-02-08 11:45:51,884] {subprocess.py:89} INFO - Hello world
[2025-02-08 11:45:51,885] {subprocess.py:93} INFO - Command exited with return code 0
[2025-02-08 11:45:52,026] {taskinstance.py:1277} INFO - Marking task as SUCCESS. dag_id=LocalIngestionDag, task_id=wget, execution_date=20250208T114549, start_date=20250208T114551, end_date=20250208T114552
[2025-02-08 11:45:52,186] {local_task_job.py:154} INFO - Task exited with return code 0
[2025-02-08 11:45:52,799] {local_task_job.py:264} INFO - 0 downstream tasks scheduled from follow-on schedule check
