[2025-02-08 11:46:04,561] {taskinstance.py:1032} INFO - Dependencies all met for <TaskInstance: LocalIngestionDag.wget scheduled__2022-11-02T06:00:00+00:00 [queued]>
[2025-02-08 11:46:04,653] {taskinstance.py:1032} INFO - Dependencies all met for <TaskInstance: LocalIngestionDag.wget scheduled__2022-11-02T06:00:00+00:00 [queued]>
[2025-02-08 11:46:04,654] {taskinstance.py:1238} INFO - 
--------------------------------------------------------------------------------
[2025-02-08 11:46:04,654] {taskinstance.py:1239} INFO - Starting attempt 1 of 1
[2025-02-08 11:46:04,655] {taskinstance.py:1240} INFO - 
--------------------------------------------------------------------------------
[2025-02-08 11:46:04,685] {taskinstance.py:1259} INFO - Executing <Task(BashOperator): wget> on 2022-11-02 06:00:00+00:00
[2025-02-08 11:46:04,708] {standard_task_runner.py:52} INFO - Started process 563 to run task
[2025-02-08 11:46:04,715] {standard_task_runner.py:76} INFO - Running: ['***', 'tasks', 'run', 'LocalIngestionDag', 'wget', 'scheduled__2022-11-02T06:00:00+00:00', '--job-id', '49', '--raw', '--subdir', 'DAGS_FOLDER/data_ingestion_local.py', '--cfg-path', '/tmp/tmpkw9z8i7q', '--error-file', '/tmp/tmpg52jz1lj']
[2025-02-08 11:46:04,731] {standard_task_runner.py:77} INFO - Job 49: Subtask wget
[2025-02-08 11:46:04,899] {logging_mixin.py:109} INFO - Running <TaskInstance: LocalIngestionDag.wget scheduled__2022-11-02T06:00:00+00:00 [running]> on host dfc301afada6
[2025-02-08 11:46:05,098] {taskinstance.py:1426} INFO - Exporting the following env vars:
AIRFLOW_CTX_DAG_OWNER=***
AIRFLOW_CTX_DAG_ID=LocalIngestionDag
AIRFLOW_CTX_TASK_ID=wget
AIRFLOW_CTX_EXECUTION_DATE=2022-11-02T06:00:00+00:00
AIRFLOW_CTX_DAG_RUN_ID=scheduled__2022-11-02T06:00:00+00:00
[2025-02-08 11:46:05,099] {subprocess.py:62} INFO - Tmp dir root location: 
 /tmp
[2025-02-08 11:46:05,100] {subprocess.py:74} INFO - Running command: ['bash', '-c', 'echo "Hello world"']
[2025-02-08 11:46:05,185] {subprocess.py:85} INFO - Output:
[2025-02-08 11:46:05,197] {subprocess.py:89} INFO - Hello world
[2025-02-08 11:46:05,197] {subprocess.py:93} INFO - Command exited with return code 0
[2025-02-08 11:46:05,524] {taskinstance.py:1277} INFO - Marking task as SUCCESS. dag_id=LocalIngestionDag, task_id=wget, execution_date=20221102T060000, start_date=20250208T114604, end_date=20250208T114605
[2025-02-08 11:46:05,593] {local_task_job.py:154} INFO - Task exited with return code 0
[2025-02-08 11:46:05,691] {local_task_job.py:264} INFO - 1 downstream tasks scheduled from follow-on schedule check
