[2025-02-08 11:46:10,852] {taskinstance.py:1032} INFO - Dependencies all met for <TaskInstance: LocalIngestionDag.wget scheduled__2023-04-02T06:00:00+00:00 [queued]>
[2025-02-08 11:46:10,864] {taskinstance.py:1032} INFO - Dependencies all met for <TaskInstance: LocalIngestionDag.wget scheduled__2023-04-02T06:00:00+00:00 [queued]>
[2025-02-08 11:46:10,865] {taskinstance.py:1238} INFO - 
--------------------------------------------------------------------------------
[2025-02-08 11:46:10,865] {taskinstance.py:1239} INFO - Starting attempt 1 of 1
[2025-02-08 11:46:10,865] {taskinstance.py:1240} INFO - 
--------------------------------------------------------------------------------
[2025-02-08 11:46:10,881] {taskinstance.py:1259} INFO - Executing <Task(BashOperator): wget> on 2023-04-02 06:00:00+00:00
[2025-02-08 11:46:10,887] {standard_task_runner.py:52} INFO - Started process 616 to run task
[2025-02-08 11:46:10,895] {standard_task_runner.py:76} INFO - Running: ['***', 'tasks', 'run', 'LocalIngestionDag', 'wget', 'scheduled__2023-04-02T06:00:00+00:00', '--job-id', '63', '--raw', '--subdir', 'DAGS_FOLDER/data_ingestion_local.py', '--cfg-path', '/tmp/tmp4abolblh', '--error-file', '/tmp/tmp_rysh8uj']
[2025-02-08 11:46:10,900] {standard_task_runner.py:77} INFO - Job 63: Subtask wget
[2025-02-08 11:46:11,003] {logging_mixin.py:109} INFO - Running <TaskInstance: LocalIngestionDag.wget scheduled__2023-04-02T06:00:00+00:00 [running]> on host dfc301afada6
[2025-02-08 11:46:11,090] {taskinstance.py:1426} INFO - Exporting the following env vars:
AIRFLOW_CTX_DAG_OWNER=***
AIRFLOW_CTX_DAG_ID=LocalIngestionDag
AIRFLOW_CTX_TASK_ID=wget
AIRFLOW_CTX_EXECUTION_DATE=2023-04-02T06:00:00+00:00
AIRFLOW_CTX_DAG_RUN_ID=scheduled__2023-04-02T06:00:00+00:00
[2025-02-08 11:46:11,091] {subprocess.py:62} INFO - Tmp dir root location: 
 /tmp
[2025-02-08 11:46:11,092] {subprocess.py:74} INFO - Running command: ['bash', '-c', 'echo "Hello world"']
[2025-02-08 11:46:11,113] {subprocess.py:85} INFO - Output:
[2025-02-08 11:46:11,120] {subprocess.py:89} INFO - Hello world
[2025-02-08 11:46:11,121] {subprocess.py:93} INFO - Command exited with return code 0
[2025-02-08 11:46:11,169] {taskinstance.py:1277} INFO - Marking task as SUCCESS. dag_id=LocalIngestionDag, task_id=wget, execution_date=20230402T060000, start_date=20250208T114610, end_date=20250208T114611
[2025-02-08 11:46:11,229] {local_task_job.py:154} INFO - Task exited with return code 0
[2025-02-08 11:46:11,366] {local_task_job.py:264} INFO - 0 downstream tasks scheduled from follow-on schedule check
