[2025-02-08 11:46:18,231] {taskinstance.py:1032} INFO - Dependencies all met for <TaskInstance: LocalIngestionDag.wget scheduled__2024-03-02T06:00:00+00:00 [queued]>
[2025-02-08 11:46:18,252] {taskinstance.py:1032} INFO - Dependencies all met for <TaskInstance: LocalIngestionDag.wget scheduled__2024-03-02T06:00:00+00:00 [queued]>
[2025-02-08 11:46:18,252] {taskinstance.py:1238} INFO - 
--------------------------------------------------------------------------------
[2025-02-08 11:46:18,253] {taskinstance.py:1239} INFO - Starting attempt 1 of 1
[2025-02-08 11:46:18,253] {taskinstance.py:1240} INFO - 
--------------------------------------------------------------------------------
[2025-02-08 11:46:18,276] {taskinstance.py:1259} INFO - Executing <Task(BashOperator): wget> on 2024-03-02 06:00:00+00:00
[2025-02-08 11:46:18,285] {standard_task_runner.py:52} INFO - Started process 681 to run task
[2025-02-08 11:46:18,289] {standard_task_runner.py:76} INFO - Running: ['***', 'tasks', 'run', 'LocalIngestionDag', 'wget', 'scheduled__2024-03-02T06:00:00+00:00', '--job-id', '83', '--raw', '--subdir', 'DAGS_FOLDER/data_ingestion_local.py', '--cfg-path', '/tmp/tmpjko9ihx0', '--error-file', '/tmp/tmp20k4mq1u']
[2025-02-08 11:46:18,295] {standard_task_runner.py:77} INFO - Job 83: Subtask wget
[2025-02-08 11:46:18,418] {logging_mixin.py:109} INFO - Running <TaskInstance: LocalIngestionDag.wget scheduled__2024-03-02T06:00:00+00:00 [running]> on host dfc301afada6
[2025-02-08 11:46:18,515] {taskinstance.py:1426} INFO - Exporting the following env vars:
AIRFLOW_CTX_DAG_OWNER=***
AIRFLOW_CTX_DAG_ID=LocalIngestionDag
AIRFLOW_CTX_TASK_ID=wget
AIRFLOW_CTX_EXECUTION_DATE=2024-03-02T06:00:00+00:00
AIRFLOW_CTX_DAG_RUN_ID=scheduled__2024-03-02T06:00:00+00:00
[2025-02-08 11:46:18,518] {subprocess.py:62} INFO - Tmp dir root location: 
 /tmp
[2025-02-08 11:46:18,520] {subprocess.py:74} INFO - Running command: ['bash', '-c', 'echo "Hello world"']
[2025-02-08 11:46:18,547] {subprocess.py:85} INFO - Output:
[2025-02-08 11:46:18,551] {subprocess.py:89} INFO - Hello world
[2025-02-08 11:46:18,552] {subprocess.py:93} INFO - Command exited with return code 0
[2025-02-08 11:46:18,621] {taskinstance.py:1277} INFO - Marking task as SUCCESS. dag_id=LocalIngestionDag, task_id=wget, execution_date=20240302T060000, start_date=20250208T114618, end_date=20250208T114618
[2025-02-08 11:46:18,678] {local_task_job.py:154} INFO - Task exited with return code 0
[2025-02-08 11:46:18,757] {local_task_job.py:264} INFO - 1 downstream tasks scheduled from follow-on schedule check
