[2025-02-08 11:46:03,603] {taskinstance.py:1032} INFO - Dependencies all met for <TaskInstance: LocalIngestionDag.wget scheduled__2022-07-02T06:00:00+00:00 [queued]>
[2025-02-08 11:46:03,617] {taskinstance.py:1032} INFO - Dependencies all met for <TaskInstance: LocalIngestionDag.wget scheduled__2022-07-02T06:00:00+00:00 [queued]>
[2025-02-08 11:46:03,618] {taskinstance.py:1238} INFO - 
--------------------------------------------------------------------------------
[2025-02-08 11:46:03,618] {taskinstance.py:1239} INFO - Starting attempt 1 of 1
[2025-02-08 11:46:03,618] {taskinstance.py:1240} INFO - 
--------------------------------------------------------------------------------
[2025-02-08 11:46:03,643] {taskinstance.py:1259} INFO - Executing <Task(BashOperator): wget> on 2022-07-02 06:00:00+00:00
[2025-02-08 11:46:03,654] {standard_task_runner.py:52} INFO - Started process 549 to run task
[2025-02-08 11:46:03,666] {standard_task_runner.py:76} INFO - Running: ['***', 'tasks', 'run', 'LocalIngestionDag', 'wget', 'scheduled__2022-07-02T06:00:00+00:00', '--job-id', '44', '--raw', '--subdir', 'DAGS_FOLDER/data_ingestion_local.py', '--cfg-path', '/tmp/tmpe4pwg0c9', '--error-file', '/tmp/tmpjzujeir1']
[2025-02-08 11:46:03,676] {standard_task_runner.py:77} INFO - Job 44: Subtask wget
[2025-02-08 11:46:03,801] {logging_mixin.py:109} INFO - Running <TaskInstance: LocalIngestionDag.wget scheduled__2022-07-02T06:00:00+00:00 [running]> on host dfc301afada6
[2025-02-08 11:46:03,903] {taskinstance.py:1426} INFO - Exporting the following env vars:
AIRFLOW_CTX_DAG_OWNER=***
AIRFLOW_CTX_DAG_ID=LocalIngestionDag
AIRFLOW_CTX_TASK_ID=wget
AIRFLOW_CTX_EXECUTION_DATE=2022-07-02T06:00:00+00:00
AIRFLOW_CTX_DAG_RUN_ID=scheduled__2022-07-02T06:00:00+00:00
[2025-02-08 11:46:03,904] {subprocess.py:62} INFO - Tmp dir root location: 
 /tmp
[2025-02-08 11:46:03,905] {subprocess.py:74} INFO - Running command: ['bash', '-c', 'echo "Hello world"']
[2025-02-08 11:46:03,937] {subprocess.py:85} INFO - Output:
[2025-02-08 11:46:03,943] {subprocess.py:89} INFO - Hello world
[2025-02-08 11:46:03,944] {subprocess.py:93} INFO - Command exited with return code 0
[2025-02-08 11:46:04,065] {taskinstance.py:1277} INFO - Marking task as SUCCESS. dag_id=LocalIngestionDag, task_id=wget, execution_date=20220702T060000, start_date=20250208T114603, end_date=20250208T114604
[2025-02-08 11:46:04,137] {local_task_job.py:154} INFO - Task exited with return code 0
[2025-02-08 11:46:04,237] {local_task_job.py:264} INFO - 1 downstream tasks scheduled from follow-on schedule check
