[2025-02-08 11:45:53,551] {taskinstance.py:1032} INFO - Dependencies all met for <TaskInstance: LocalIngestionDag.wget scheduled__2021-07-02T06:00:00+00:00 [queued]>
[2025-02-08 11:45:53,579] {taskinstance.py:1032} INFO - Dependencies all met for <TaskInstance: LocalIngestionDag.wget scheduled__2021-07-02T06:00:00+00:00 [queued]>
[2025-02-08 11:45:53,580] {taskinstance.py:1238} INFO - 
--------------------------------------------------------------------------------
[2025-02-08 11:45:53,580] {taskinstance.py:1239} INFO - Starting attempt 1 of 1
[2025-02-08 11:45:53,581] {taskinstance.py:1240} INFO - 
--------------------------------------------------------------------------------
[2025-02-08 11:45:53,632] {taskinstance.py:1259} INFO - Executing <Task(BashOperator): wget> on 2021-07-02 06:00:00+00:00
[2025-02-08 11:45:53,673] {standard_task_runner.py:52} INFO - Started process 468 to run task
[2025-02-08 11:45:53,709] {standard_task_runner.py:76} INFO - Running: ['***', 'tasks', 'run', 'LocalIngestionDag', 'wget', 'scheduled__2021-07-02T06:00:00+00:00', '--job-id', '18', '--raw', '--subdir', 'DAGS_FOLDER/data_ingestion_local.py', '--cfg-path', '/tmp/tmpxsz1afd0', '--error-file', '/tmp/tmpxhhw8pqh']
[2025-02-08 11:45:53,715] {standard_task_runner.py:77} INFO - Job 18: Subtask wget
[2025-02-08 11:45:53,944] {logging_mixin.py:109} INFO - Running <TaskInstance: LocalIngestionDag.wget scheduled__2021-07-02T06:00:00+00:00 [running]> on host dfc301afada6
[2025-02-08 11:45:54,119] {taskinstance.py:1426} INFO - Exporting the following env vars:
AIRFLOW_CTX_DAG_OWNER=***
AIRFLOW_CTX_DAG_ID=LocalIngestionDag
AIRFLOW_CTX_TASK_ID=wget
AIRFLOW_CTX_EXECUTION_DATE=2021-07-02T06:00:00+00:00
AIRFLOW_CTX_DAG_RUN_ID=scheduled__2021-07-02T06:00:00+00:00
[2025-02-08 11:45:54,121] {subprocess.py:62} INFO - Tmp dir root location: 
 /tmp
[2025-02-08 11:45:54,121] {subprocess.py:74} INFO - Running command: ['bash', '-c', 'echo "Hello world"']
[2025-02-08 11:45:54,150] {subprocess.py:85} INFO - Output:
[2025-02-08 11:45:54,156] {subprocess.py:89} INFO - Hello world
[2025-02-08 11:45:54,164] {subprocess.py:93} INFO - Command exited with return code 0
[2025-02-08 11:45:54,238] {taskinstance.py:1277} INFO - Marking task as SUCCESS. dag_id=LocalIngestionDag, task_id=wget, execution_date=20210702T060000, start_date=20250208T114553, end_date=20250208T114554
[2025-02-08 11:45:54,368] {local_task_job.py:154} INFO - Task exited with return code 0
[2025-02-08 11:45:54,475] {local_task_job.py:264} INFO - 1 downstream tasks scheduled from follow-on schedule check
