[2025-02-08 11:46:17,782] {taskinstance.py:1032} INFO - Dependencies all met for <TaskInstance: LocalIngestionDag.wget scheduled__2024-01-02T06:00:00+00:00 [queued]>
[2025-02-08 11:46:17,793] {taskinstance.py:1032} INFO - Dependencies all met for <TaskInstance: LocalIngestionDag.wget scheduled__2024-01-02T06:00:00+00:00 [queued]>
[2025-02-08 11:46:17,793] {taskinstance.py:1238} INFO - 
--------------------------------------------------------------------------------
[2025-02-08 11:46:17,793] {taskinstance.py:1239} INFO - Starting attempt 1 of 1
[2025-02-08 11:46:17,793] {taskinstance.py:1240} INFO - 
--------------------------------------------------------------------------------
[2025-02-08 11:46:17,807] {taskinstance.py:1259} INFO - Executing <Task(BashOperator): wget> on 2024-01-02 06:00:00+00:00
[2025-02-08 11:46:17,815] {standard_task_runner.py:52} INFO - Started process 676 to run task
[2025-02-08 11:46:17,822] {standard_task_runner.py:76} INFO - Running: ['***', 'tasks', 'run', 'LocalIngestionDag', 'wget', 'scheduled__2024-01-02T06:00:00+00:00', '--job-id', '81', '--raw', '--subdir', 'DAGS_FOLDER/data_ingestion_local.py', '--cfg-path', '/tmp/tmp9npxplh9', '--error-file', '/tmp/tmpjhmjvf7y']
[2025-02-08 11:46:17,826] {standard_task_runner.py:77} INFO - Job 81: Subtask wget
[2025-02-08 11:46:17,938] {logging_mixin.py:109} INFO - Running <TaskInstance: LocalIngestionDag.wget scheduled__2024-01-02T06:00:00+00:00 [running]> on host dfc301afada6
[2025-02-08 11:46:18,065] {taskinstance.py:1426} INFO - Exporting the following env vars:
AIRFLOW_CTX_DAG_OWNER=***
AIRFLOW_CTX_DAG_ID=LocalIngestionDag
AIRFLOW_CTX_TASK_ID=wget
AIRFLOW_CTX_EXECUTION_DATE=2024-01-02T06:00:00+00:00
AIRFLOW_CTX_DAG_RUN_ID=scheduled__2024-01-02T06:00:00+00:00
[2025-02-08 11:46:18,066] {subprocess.py:62} INFO - Tmp dir root location: 
 /tmp
[2025-02-08 11:46:18,067] {subprocess.py:74} INFO - Running command: ['bash', '-c', 'echo "Hello world"']
[2025-02-08 11:46:18,106] {subprocess.py:85} INFO - Output:
[2025-02-08 11:46:18,110] {subprocess.py:89} INFO - Hello world
[2025-02-08 11:46:18,111] {subprocess.py:93} INFO - Command exited with return code 0
[2025-02-08 11:46:18,214] {taskinstance.py:1277} INFO - Marking task as SUCCESS. dag_id=LocalIngestionDag, task_id=wget, execution_date=20240102T060000, start_date=20250208T114617, end_date=20250208T114618
[2025-02-08 11:46:18,274] {local_task_job.py:154} INFO - Task exited with return code 0
[2025-02-08 11:46:18,341] {local_task_job.py:264} INFO - 1 downstream tasks scheduled from follow-on schedule check
