[2025-02-08 11:46:05,584] {taskinstance.py:1032} INFO - Dependencies all met for <TaskInstance: LocalIngestionDag.ingest scheduled__2022-08-02T06:00:00+00:00 [queued]>
[2025-02-08 11:46:05,602] {taskinstance.py:1032} INFO - Dependencies all met for <TaskInstance: LocalIngestionDag.ingest scheduled__2022-08-02T06:00:00+00:00 [queued]>
[2025-02-08 11:46:05,602] {taskinstance.py:1238} INFO - 
--------------------------------------------------------------------------------
[2025-02-08 11:46:05,603] {taskinstance.py:1239} INFO - Starting attempt 1 of 1
[2025-02-08 11:46:05,603] {taskinstance.py:1240} INFO - 
--------------------------------------------------------------------------------
[2025-02-08 11:46:05,632] {taskinstance.py:1259} INFO - Executing <Task(BashOperator): ingest> on 2022-08-02 06:00:00+00:00
[2025-02-08 11:46:05,641] {standard_task_runner.py:52} INFO - Started process 575 to run task
[2025-02-08 11:46:05,657] {standard_task_runner.py:76} INFO - Running: ['***', 'tasks', 'run', 'LocalIngestionDag', 'ingest', 'scheduled__2022-08-02T06:00:00+00:00', '--job-id', '53', '--raw', '--subdir', 'DAGS_FOLDER/data_ingestion_local.py', '--cfg-path', '/tmp/tmpx80g6806', '--error-file', '/tmp/tmpqy1_5o46']
[2025-02-08 11:46:05,664] {standard_task_runner.py:77} INFO - Job 53: Subtask ingest
[2025-02-08 11:46:05,850] {logging_mixin.py:109} INFO - Running <TaskInstance: LocalIngestionDag.ingest scheduled__2022-08-02T06:00:00+00:00 [running]> on host dfc301afada6
[2025-02-08 11:46:05,980] {taskinstance.py:1426} INFO - Exporting the following env vars:
AIRFLOW_CTX_DAG_OWNER=***
AIRFLOW_CTX_DAG_ID=LocalIngestionDag
AIRFLOW_CTX_TASK_ID=ingest
AIRFLOW_CTX_EXECUTION_DATE=2022-08-02T06:00:00+00:00
AIRFLOW_CTX_DAG_RUN_ID=scheduled__2022-08-02T06:00:00+00:00
[2025-02-08 11:46:05,985] {subprocess.py:62} INFO - Tmp dir root location: 
 /tmp
[2025-02-08 11:46:05,988] {subprocess.py:74} INFO - Running command: ['bash', '-c', 'pwd']
[2025-02-08 11:46:06,011] {subprocess.py:85} INFO - Output:
[2025-02-08 11:46:06,018] {subprocess.py:89} INFO - /tmp/***tmp_qrkr5ra
[2025-02-08 11:46:06,019] {subprocess.py:93} INFO - Command exited with return code 0
[2025-02-08 11:46:06,117] {taskinstance.py:1277} INFO - Marking task as SUCCESS. dag_id=LocalIngestionDag, task_id=ingest, execution_date=20220802T060000, start_date=20250208T114605, end_date=20250208T114606
[2025-02-08 11:46:06,223] {local_task_job.py:154} INFO - Task exited with return code 0
[2025-02-08 11:46:06,299] {local_task_job.py:264} INFO - 0 downstream tasks scheduled from follow-on schedule check
