[2025-02-08 11:46:00,067] {taskinstance.py:1032} INFO - Dependencies all met for <TaskInstance: LocalIngestionDag.wget scheduled__2022-04-02T06:00:00+00:00 [queued]>
[2025-02-08 11:46:00,084] {taskinstance.py:1032} INFO - Dependencies all met for <TaskInstance: LocalIngestionDag.wget scheduled__2022-04-02T06:00:00+00:00 [queued]>
[2025-02-08 11:46:00,084] {taskinstance.py:1238} INFO - 
--------------------------------------------------------------------------------
[2025-02-08 11:46:00,084] {taskinstance.py:1239} INFO - Starting attempt 1 of 1
[2025-02-08 11:46:00,084] {taskinstance.py:1240} INFO - 
--------------------------------------------------------------------------------
[2025-02-08 11:46:00,125] {taskinstance.py:1259} INFO - Executing <Task(BashOperator): wget> on 2022-04-02 06:00:00+00:00
[2025-02-08 11:46:00,146] {standard_task_runner.py:52} INFO - Started process 524 to run task
[2025-02-08 11:46:00,155] {standard_task_runner.py:76} INFO - Running: ['***', 'tasks', 'run', 'LocalIngestionDag', 'wget', 'scheduled__2022-04-02T06:00:00+00:00', '--job-id', '35', '--raw', '--subdir', 'DAGS_FOLDER/data_ingestion_local.py', '--cfg-path', '/tmp/tmp0eb5j_uf', '--error-file', '/tmp/tmp69qd2fg8']
[2025-02-08 11:46:00,163] {standard_task_runner.py:77} INFO - Job 35: Subtask wget
[2025-02-08 11:46:00,329] {logging_mixin.py:109} INFO - Running <TaskInstance: LocalIngestionDag.wget scheduled__2022-04-02T06:00:00+00:00 [running]> on host dfc301afada6
[2025-02-08 11:46:00,443] {taskinstance.py:1426} INFO - Exporting the following env vars:
AIRFLOW_CTX_DAG_OWNER=***
AIRFLOW_CTX_DAG_ID=LocalIngestionDag
AIRFLOW_CTX_TASK_ID=wget
AIRFLOW_CTX_EXECUTION_DATE=2022-04-02T06:00:00+00:00
AIRFLOW_CTX_DAG_RUN_ID=scheduled__2022-04-02T06:00:00+00:00
[2025-02-08 11:46:00,444] {subprocess.py:62} INFO - Tmp dir root location: 
 /tmp
[2025-02-08 11:46:00,445] {subprocess.py:74} INFO - Running command: ['bash', '-c', 'echo "Hello world"']
[2025-02-08 11:46:00,471] {subprocess.py:85} INFO - Output:
[2025-02-08 11:46:00,475] {subprocess.py:89} INFO - Hello world
[2025-02-08 11:46:00,476] {subprocess.py:93} INFO - Command exited with return code 0
[2025-02-08 11:46:00,536] {taskinstance.py:1277} INFO - Marking task as SUCCESS. dag_id=LocalIngestionDag, task_id=wget, execution_date=20220402T060000, start_date=20250208T114600, end_date=20250208T114600
[2025-02-08 11:46:00,582] {local_task_job.py:154} INFO - Task exited with return code 0
[2025-02-08 11:46:00,660] {local_task_job.py:264} INFO - 1 downstream tasks scheduled from follow-on schedule check
