[2025-02-08 11:45:54,975] {taskinstance.py:1032} INFO - Dependencies all met for <TaskInstance: LocalIngestionDag.wget scheduled__2021-09-02T06:00:00+00:00 [queued]>
[2025-02-08 11:45:55,047] {taskinstance.py:1032} INFO - Dependencies all met for <TaskInstance: LocalIngestionDag.wget scheduled__2021-09-02T06:00:00+00:00 [queued]>
[2025-02-08 11:45:55,047] {taskinstance.py:1238} INFO - 
--------------------------------------------------------------------------------
[2025-02-08 11:45:55,047] {taskinstance.py:1239} INFO - Starting attempt 1 of 1
[2025-02-08 11:45:55,047] {taskinstance.py:1240} INFO - 
--------------------------------------------------------------------------------
[2025-02-08 11:45:55,116] {taskinstance.py:1259} INFO - Executing <Task(BashOperator): wget> on 2021-09-02 06:00:00+00:00
[2025-02-08 11:45:55,125] {standard_task_runner.py:52} INFO - Started process 483 to run task
[2025-02-08 11:45:55,140] {standard_task_runner.py:76} INFO - Running: ['***', 'tasks', 'run', 'LocalIngestionDag', 'wget', 'scheduled__2021-09-02T06:00:00+00:00', '--job-id', '23', '--raw', '--subdir', 'DAGS_FOLDER/data_ingestion_local.py', '--cfg-path', '/tmp/tmpz8ijitf3', '--error-file', '/tmp/tmpvmb_0kx3']
[2025-02-08 11:45:55,148] {standard_task_runner.py:77} INFO - Job 23: Subtask wget
[2025-02-08 11:45:55,333] {logging_mixin.py:109} INFO - Running <TaskInstance: LocalIngestionDag.wget scheduled__2021-09-02T06:00:00+00:00 [running]> on host dfc301afada6
[2025-02-08 11:45:55,501] {taskinstance.py:1426} INFO - Exporting the following env vars:
AIRFLOW_CTX_DAG_OWNER=***
AIRFLOW_CTX_DAG_ID=LocalIngestionDag
AIRFLOW_CTX_TASK_ID=wget
AIRFLOW_CTX_EXECUTION_DATE=2021-09-02T06:00:00+00:00
AIRFLOW_CTX_DAG_RUN_ID=scheduled__2021-09-02T06:00:00+00:00
[2025-02-08 11:45:55,503] {subprocess.py:62} INFO - Tmp dir root location: 
 /tmp
[2025-02-08 11:45:55,507] {subprocess.py:74} INFO - Running command: ['bash', '-c', 'echo "Hello world"']
[2025-02-08 11:45:55,539] {subprocess.py:85} INFO - Output:
[2025-02-08 11:45:55,543] {subprocess.py:89} INFO - Hello world
[2025-02-08 11:45:55,544] {subprocess.py:93} INFO - Command exited with return code 0
[2025-02-08 11:45:55,592] {taskinstance.py:1277} INFO - Marking task as SUCCESS. dag_id=LocalIngestionDag, task_id=wget, execution_date=20210902T060000, start_date=20250208T114554, end_date=20250208T114555
[2025-02-08 11:45:55,629] {local_task_job.py:154} INFO - Task exited with return code 0
[2025-02-08 11:45:55,696] {local_task_job.py:264} INFO - 1 downstream tasks scheduled from follow-on schedule check
