[2025-02-08 11:46:13,202] {taskinstance.py:1032} INFO - Dependencies all met for <TaskInstance: LocalIngestionDag.ingest scheduled__2023-08-02T06:00:00+00:00 [queued]>
[2025-02-08 11:46:13,226] {taskinstance.py:1032} INFO - Dependencies all met for <TaskInstance: LocalIngestionDag.ingest scheduled__2023-08-02T06:00:00+00:00 [queued]>
[2025-02-08 11:46:13,227] {taskinstance.py:1238} INFO - 
--------------------------------------------------------------------------------
[2025-02-08 11:46:13,227] {taskinstance.py:1239} INFO - Starting attempt 1 of 1
[2025-02-08 11:46:13,227] {taskinstance.py:1240} INFO - 
--------------------------------------------------------------------------------
[2025-02-08 11:46:13,267] {taskinstance.py:1259} INFO - Executing <Task(BashOperator): ingest> on 2023-08-02 06:00:00+00:00
[2025-02-08 11:46:13,285] {standard_task_runner.py:52} INFO - Started process 655 to run task
[2025-02-08 11:46:13,310] {standard_task_runner.py:76} INFO - Running: ['***', 'tasks', 'run', 'LocalIngestionDag', 'ingest', 'scheduled__2023-08-02T06:00:00+00:00', '--job-id', '74', '--raw', '--subdir', 'DAGS_FOLDER/data_ingestion_local.py', '--cfg-path', '/tmp/tmp8viwr7um', '--error-file', '/tmp/tmpifp1hllp']
[2025-02-08 11:46:13,333] {standard_task_runner.py:77} INFO - Job 74: Subtask ingest
[2025-02-08 11:46:13,499] {logging_mixin.py:109} INFO - Running <TaskInstance: LocalIngestionDag.ingest scheduled__2023-08-02T06:00:00+00:00 [running]> on host dfc301afada6
[2025-02-08 11:46:13,645] {taskinstance.py:1426} INFO - Exporting the following env vars:
AIRFLOW_CTX_DAG_OWNER=***
AIRFLOW_CTX_DAG_ID=LocalIngestionDag
AIRFLOW_CTX_TASK_ID=ingest
AIRFLOW_CTX_EXECUTION_DATE=2023-08-02T06:00:00+00:00
AIRFLOW_CTX_DAG_RUN_ID=scheduled__2023-08-02T06:00:00+00:00
[2025-02-08 11:46:13,646] {subprocess.py:62} INFO - Tmp dir root location: 
 /tmp
[2025-02-08 11:46:13,647] {subprocess.py:74} INFO - Running command: ['bash', '-c', 'pwd']
[2025-02-08 11:46:13,693] {subprocess.py:85} INFO - Output:
[2025-02-08 11:46:13,712] {subprocess.py:89} INFO - /tmp/***tmpdjr996vm
[2025-02-08 11:46:13,718] {subprocess.py:93} INFO - Command exited with return code 0
[2025-02-08 11:46:13,809] {taskinstance.py:1277} INFO - Marking task as SUCCESS. dag_id=LocalIngestionDag, task_id=ingest, execution_date=20230802T060000, start_date=20250208T114613, end_date=20250208T114613
[2025-02-08 11:46:13,909] {local_task_job.py:154} INFO - Task exited with return code 0
[2025-02-08 11:46:14,023] {local_task_job.py:264} INFO - 0 downstream tasks scheduled from follow-on schedule check
