[2025-02-08 11:45:59,279] {taskinstance.py:1032} INFO - Dependencies all met for <TaskInstance: LocalIngestionDag.ingest scheduled__2021-10-02T06:00:00+00:00 [queued]>
[2025-02-08 11:45:59,310] {taskinstance.py:1032} INFO - Dependencies all met for <TaskInstance: LocalIngestionDag.ingest scheduled__2021-10-02T06:00:00+00:00 [queued]>
[2025-02-08 11:45:59,311] {taskinstance.py:1238} INFO - 
--------------------------------------------------------------------------------
[2025-02-08 11:45:59,311] {taskinstance.py:1239} INFO - Starting attempt 1 of 1
[2025-02-08 11:45:59,312] {taskinstance.py:1240} INFO - 
--------------------------------------------------------------------------------
[2025-02-08 11:45:59,335] {taskinstance.py:1259} INFO - Executing <Task(BashOperator): ingest> on 2021-10-02 06:00:00+00:00
[2025-02-08 11:45:59,356] {standard_task_runner.py:52} INFO - Started process 513 to run task
[2025-02-08 11:45:59,373] {standard_task_runner.py:76} INFO - Running: ['***', 'tasks', 'run', 'LocalIngestionDag', 'ingest', 'scheduled__2021-10-02T06:00:00+00:00', '--job-id', '32', '--raw', '--subdir', 'DAGS_FOLDER/data_ingestion_local.py', '--cfg-path', '/tmp/tmps4itsoru', '--error-file', '/tmp/tmp9vxd3wc3']
[2025-02-08 11:45:59,396] {standard_task_runner.py:77} INFO - Job 32: Subtask ingest
[2025-02-08 11:45:59,530] {logging_mixin.py:109} INFO - Running <TaskInstance: LocalIngestionDag.ingest scheduled__2021-10-02T06:00:00+00:00 [running]> on host dfc301afada6
[2025-02-08 11:45:59,641] {taskinstance.py:1426} INFO - Exporting the following env vars:
AIRFLOW_CTX_DAG_OWNER=***
AIRFLOW_CTX_DAG_ID=LocalIngestionDag
AIRFLOW_CTX_TASK_ID=ingest
AIRFLOW_CTX_EXECUTION_DATE=2021-10-02T06:00:00+00:00
AIRFLOW_CTX_DAG_RUN_ID=scheduled__2021-10-02T06:00:00+00:00
[2025-02-08 11:45:59,645] {subprocess.py:62} INFO - Tmp dir root location: 
 /tmp
[2025-02-08 11:45:59,646] {subprocess.py:74} INFO - Running command: ['bash', '-c', 'pwd']
[2025-02-08 11:45:59,670] {subprocess.py:85} INFO - Output:
[2025-02-08 11:45:59,673] {subprocess.py:89} INFO - /tmp/***tmp_dhhtcjl
[2025-02-08 11:45:59,674] {subprocess.py:93} INFO - Command exited with return code 0
[2025-02-08 11:45:59,717] {taskinstance.py:1277} INFO - Marking task as SUCCESS. dag_id=LocalIngestionDag, task_id=ingest, execution_date=20211002T060000, start_date=20250208T114559, end_date=20250208T114559
[2025-02-08 11:45:59,801] {local_task_job.py:154} INFO - Task exited with return code 0
[2025-02-08 11:46:00,023] {local_task_job.py:264} INFO - 0 downstream tasks scheduled from follow-on schedule check
