[2025-02-08 11:46:00,434] {taskinstance.py:1032} INFO - Dependencies all met for <TaskInstance: LocalIngestionDag.ingest scheduled__2021-12-02T06:00:00+00:00 [queued]>
[2025-02-08 11:46:00,489] {taskinstance.py:1032} INFO - Dependencies all met for <TaskInstance: LocalIngestionDag.ingest scheduled__2021-12-02T06:00:00+00:00 [queued]>
[2025-02-08 11:46:00,489] {taskinstance.py:1238} INFO - 
--------------------------------------------------------------------------------
[2025-02-08 11:46:00,489] {taskinstance.py:1239} INFO - Starting attempt 1 of 1
[2025-02-08 11:46:00,490] {taskinstance.py:1240} INFO - 
--------------------------------------------------------------------------------
[2025-02-08 11:46:00,537] {taskinstance.py:1259} INFO - Executing <Task(BashOperator): ingest> on 2021-12-02 06:00:00+00:00
[2025-02-08 11:46:00,549] {standard_task_runner.py:52} INFO - Started process 529 to run task
[2025-02-08 11:46:00,557] {standard_task_runner.py:76} INFO - Running: ['***', 'tasks', 'run', 'LocalIngestionDag', 'ingest', 'scheduled__2021-12-02T06:00:00+00:00', '--job-id', '36', '--raw', '--subdir', 'DAGS_FOLDER/data_ingestion_local.py', '--cfg-path', '/tmp/tmpv1xd9ct0', '--error-file', '/tmp/tmpz732x9gq']
[2025-02-08 11:46:00,561] {standard_task_runner.py:77} INFO - Job 36: Subtask ingest
[2025-02-08 11:46:00,664] {logging_mixin.py:109} INFO - Running <TaskInstance: LocalIngestionDag.ingest scheduled__2021-12-02T06:00:00+00:00 [running]> on host dfc301afada6
[2025-02-08 11:46:00,774] {taskinstance.py:1426} INFO - Exporting the following env vars:
AIRFLOW_CTX_DAG_OWNER=***
AIRFLOW_CTX_DAG_ID=LocalIngestionDag
AIRFLOW_CTX_TASK_ID=ingest
AIRFLOW_CTX_EXECUTION_DATE=2021-12-02T06:00:00+00:00
AIRFLOW_CTX_DAG_RUN_ID=scheduled__2021-12-02T06:00:00+00:00
[2025-02-08 11:46:00,775] {subprocess.py:62} INFO - Tmp dir root location: 
 /tmp
[2025-02-08 11:46:00,776] {subprocess.py:74} INFO - Running command: ['bash', '-c', 'pwd']
[2025-02-08 11:46:00,810] {subprocess.py:85} INFO - Output:
[2025-02-08 11:46:00,815] {subprocess.py:89} INFO - /tmp/***tmpty7qhjxc
[2025-02-08 11:46:00,816] {subprocess.py:93} INFO - Command exited with return code 0
[2025-02-08 11:46:00,860] {taskinstance.py:1277} INFO - Marking task as SUCCESS. dag_id=LocalIngestionDag, task_id=ingest, execution_date=20211202T060000, start_date=20250208T114600, end_date=20250208T114600
[2025-02-08 11:46:00,928] {local_task_job.py:154} INFO - Task exited with return code 0
[2025-02-08 11:46:00,968] {local_task_job.py:264} INFO - 0 downstream tasks scheduled from follow-on schedule check
