[2025-02-08 11:46:26,296] {taskinstance.py:1032} INFO - Dependencies all met for <TaskInstance: LocalIngestionDag.ingest scheduled__2025-01-02T06:00:00+00:00 [queued]>
[2025-02-08 11:46:26,315] {taskinstance.py:1032} INFO - Dependencies all met for <TaskInstance: LocalIngestionDag.ingest scheduled__2025-01-02T06:00:00+00:00 [queued]>
[2025-02-08 11:46:26,316] {taskinstance.py:1238} INFO - 
--------------------------------------------------------------------------------
[2025-02-08 11:46:26,316] {taskinstance.py:1239} INFO - Starting attempt 1 of 1
[2025-02-08 11:46:26,316] {taskinstance.py:1240} INFO - 
--------------------------------------------------------------------------------
[2025-02-08 11:46:26,339] {taskinstance.py:1259} INFO - Executing <Task(BashOperator): ingest> on 2025-01-02 06:00:00+00:00
[2025-02-08 11:46:26,353] {standard_task_runner.py:52} INFO - Started process 757 to run task
[2025-02-08 11:46:26,363] {standard_task_runner.py:76} INFO - Running: ['***', 'tasks', 'run', 'LocalIngestionDag', 'ingest', 'scheduled__2025-01-02T06:00:00+00:00', '--job-id', '106', '--raw', '--subdir', 'DAGS_FOLDER/data_ingestion_local.py', '--cfg-path', '/tmp/tmpu6mgn4z5', '--error-file', '/tmp/tmpyn82p3rd']
[2025-02-08 11:46:26,368] {standard_task_runner.py:77} INFO - Job 106: Subtask ingest
[2025-02-08 11:46:26,465] {logging_mixin.py:109} INFO - Running <TaskInstance: LocalIngestionDag.ingest scheduled__2025-01-02T06:00:00+00:00 [running]> on host dfc301afada6
[2025-02-08 11:46:26,602] {taskinstance.py:1426} INFO - Exporting the following env vars:
AIRFLOW_CTX_DAG_OWNER=***
AIRFLOW_CTX_DAG_ID=LocalIngestionDag
AIRFLOW_CTX_TASK_ID=ingest
AIRFLOW_CTX_EXECUTION_DATE=2025-01-02T06:00:00+00:00
AIRFLOW_CTX_DAG_RUN_ID=scheduled__2025-01-02T06:00:00+00:00
[2025-02-08 11:46:26,603] {subprocess.py:62} INFO - Tmp dir root location: 
 /tmp
[2025-02-08 11:46:26,604] {subprocess.py:74} INFO - Running command: ['bash', '-c', 'pwd']
[2025-02-08 11:46:26,621] {subprocess.py:85} INFO - Output:
[2025-02-08 11:46:26,623] {subprocess.py:89} INFO - /tmp/***tmp5m5sn1j9
[2025-02-08 11:46:26,623] {subprocess.py:93} INFO - Command exited with return code 0
[2025-02-08 11:46:26,662] {taskinstance.py:1277} INFO - Marking task as SUCCESS. dag_id=LocalIngestionDag, task_id=ingest, execution_date=20250102T060000, start_date=20250208T114626, end_date=20250208T114626
[2025-02-08 11:46:26,697] {local_task_job.py:154} INFO - Task exited with return code 0
[2025-02-08 11:46:26,735] {local_task_job.py:264} INFO - 0 downstream tasks scheduled from follow-on schedule check
