[2025-02-08 14:41:17,816] {taskinstance.py:1032} INFO - Dependencies all met for <TaskInstance: LocalIngestionDag.ingest scheduled__2023-02-02T06:00:00+00:00 [queued]>
[2025-02-08 14:41:17,830] {taskinstance.py:1032} INFO - Dependencies all met for <TaskInstance: LocalIngestionDag.ingest scheduled__2023-02-02T06:00:00+00:00 [queued]>
[2025-02-08 14:41:17,830] {taskinstance.py:1238} INFO - 
--------------------------------------------------------------------------------
[2025-02-08 14:41:17,830] {taskinstance.py:1239} INFO - Starting attempt 7 of 7
[2025-02-08 14:41:17,830] {taskinstance.py:1240} INFO - 
--------------------------------------------------------------------------------
[2025-02-08 14:41:17,845] {taskinstance.py:1259} INFO - Executing <Task(BashOperator): ingest> on 2023-02-02 06:00:00+00:00
[2025-02-08 14:41:17,853] {standard_task_runner.py:52} INFO - Started process 2270 to run task
[2025-02-08 14:41:17,857] {standard_task_runner.py:76} INFO - Running: ['***', 'tasks', 'run', 'LocalIngestionDag', 'ingest', 'scheduled__2023-02-02T06:00:00+00:00', '--job-id', '123', '--raw', '--subdir', 'DAGS_FOLDER/data_ingestion_local.py', '--cfg-path', '/tmp/tmp3pi2bf6c', '--error-file', '/tmp/tmpahly5mwl']
[2025-02-08 14:41:17,861] {standard_task_runner.py:77} INFO - Job 123: Subtask ingest
[2025-02-08 14:41:17,942] {logging_mixin.py:109} INFO - Running <TaskInstance: LocalIngestionDag.ingest scheduled__2023-02-02T06:00:00+00:00 [running]> on host 56ce40b7c807
[2025-02-08 14:41:18,019] {taskinstance.py:1426} INFO - Exporting the following env vars:
AIRFLOW_CTX_DAG_OWNER=***
AIRFLOW_CTX_DAG_ID=LocalIngestionDag
AIRFLOW_CTX_TASK_ID=ingest
AIRFLOW_CTX_EXECUTION_DATE=2023-02-02T06:00:00+00:00
AIRFLOW_CTX_DAG_RUN_ID=scheduled__2023-02-02T06:00:00+00:00
[2025-02-08 14:41:18,020] {subprocess.py:62} INFO - Tmp dir root location: 
 /tmp
[2025-02-08 14:41:18,021] {subprocess.py:74} INFO - Running command: ['bash', '-c', 'ls /opt/***']
[2025-02-08 14:41:18,039] {subprocess.py:85} INFO - Output:
[2025-02-08 14:41:18,044] {subprocess.py:89} INFO - ***.cfg
[2025-02-08 14:41:18,044] {subprocess.py:89} INFO - dags
[2025-02-08 14:41:18,044] {subprocess.py:89} INFO - logs
[2025-02-08 14:41:18,044] {subprocess.py:89} INFO - plugins
[2025-02-08 14:41:18,044] {subprocess.py:89} INFO - requirements.txt
[2025-02-08 14:41:18,044] {subprocess.py:89} INFO - webserver_config.py
[2025-02-08 14:41:18,044] {subprocess.py:93} INFO - Command exited with return code 0
[2025-02-08 14:41:18,080] {taskinstance.py:1277} INFO - Marking task as SUCCESS. dag_id=LocalIngestionDag, task_id=ingest, execution_date=20230202T060000, start_date=20250208T144117, end_date=20250208T144118
[2025-02-08 14:41:18,110] {local_task_job.py:154} INFO - Task exited with return code 0
[2025-02-08 14:41:18,150] {local_task_job.py:264} INFO - 0 downstream tasks scheduled from follow-on schedule check
