[2025-02-08 11:46:20,901] {taskinstance.py:1032} INFO - Dependencies all met for <TaskInstance: LocalIngestionDag.ingest scheduled__2024-06-02T06:00:00+00:00 [queued]>
[2025-02-08 11:46:20,938] {taskinstance.py:1032} INFO - Dependencies all met for <TaskInstance: LocalIngestionDag.ingest scheduled__2024-06-02T06:00:00+00:00 [queued]>
[2025-02-08 11:46:20,939] {taskinstance.py:1238} INFO - 
--------------------------------------------------------------------------------
[2025-02-08 11:46:20,939] {taskinstance.py:1239} INFO - Starting attempt 1 of 1
[2025-02-08 11:46:20,939] {taskinstance.py:1240} INFO - 
--------------------------------------------------------------------------------
[2025-02-08 11:46:20,960] {taskinstance.py:1259} INFO - Executing <Task(BashOperator): ingest> on 2024-06-02 06:00:00+00:00
[2025-02-08 11:46:20,973] {standard_task_runner.py:52} INFO - Started process 716 to run task
[2025-02-08 11:46:20,977] {standard_task_runner.py:76} INFO - Running: ['***', 'tasks', 'run', 'LocalIngestionDag', 'ingest', 'scheduled__2024-06-02T06:00:00+00:00', '--job-id', '95', '--raw', '--subdir', 'DAGS_FOLDER/data_ingestion_local.py', '--cfg-path', '/tmp/tmpnqep4s3a', '--error-file', '/tmp/tmp2zs2nsv8']
[2025-02-08 11:46:20,982] {standard_task_runner.py:77} INFO - Job 95: Subtask ingest
[2025-02-08 11:46:21,093] {logging_mixin.py:109} INFO - Running <TaskInstance: LocalIngestionDag.ingest scheduled__2024-06-02T06:00:00+00:00 [running]> on host dfc301afada6
[2025-02-08 11:46:21,187] {taskinstance.py:1426} INFO - Exporting the following env vars:
AIRFLOW_CTX_DAG_OWNER=***
AIRFLOW_CTX_DAG_ID=LocalIngestionDag
AIRFLOW_CTX_TASK_ID=ingest
AIRFLOW_CTX_EXECUTION_DATE=2024-06-02T06:00:00+00:00
AIRFLOW_CTX_DAG_RUN_ID=scheduled__2024-06-02T06:00:00+00:00
[2025-02-08 11:46:21,188] {subprocess.py:62} INFO - Tmp dir root location: 
 /tmp
[2025-02-08 11:46:21,189] {subprocess.py:74} INFO - Running command: ['bash', '-c', 'pwd']
[2025-02-08 11:46:21,207] {subprocess.py:85} INFO - Output:
[2025-02-08 11:46:21,211] {subprocess.py:89} INFO - /tmp/***tmpnku7t2b8
[2025-02-08 11:46:21,212] {subprocess.py:93} INFO - Command exited with return code 0
[2025-02-08 11:46:21,255] {taskinstance.py:1277} INFO - Marking task as SUCCESS. dag_id=LocalIngestionDag, task_id=ingest, execution_date=20240602T060000, start_date=20250208T114620, end_date=20250208T114621
[2025-02-08 11:46:21,309] {local_task_job.py:154} INFO - Task exited with return code 0
[2025-02-08 11:46:21,351] {local_task_job.py:264} INFO - 0 downstream tasks scheduled from follow-on schedule check
