[2025-02-08 11:46:20,320] {taskinstance.py:1032} INFO - Dependencies all met for <TaskInstance: LocalIngestionDag.wget scheduled__2024-08-02T06:00:00+00:00 [queued]>
[2025-02-08 11:46:20,375] {taskinstance.py:1032} INFO - Dependencies all met for <TaskInstance: LocalIngestionDag.wget scheduled__2024-08-02T06:00:00+00:00 [queued]>
[2025-02-08 11:46:20,375] {taskinstance.py:1238} INFO - 
--------------------------------------------------------------------------------
[2025-02-08 11:46:20,375] {taskinstance.py:1239} INFO - Starting attempt 1 of 1
[2025-02-08 11:46:20,375] {taskinstance.py:1240} INFO - 
--------------------------------------------------------------------------------
[2025-02-08 11:46:20,431] {taskinstance.py:1259} INFO - Executing <Task(BashOperator): wget> on 2024-08-02 06:00:00+00:00
[2025-02-08 11:46:20,444] {standard_task_runner.py:52} INFO - Started process 710 to run task
[2025-02-08 11:46:20,458] {standard_task_runner.py:76} INFO - Running: ['***', 'tasks', 'run', 'LocalIngestionDag', 'wget', 'scheduled__2024-08-02T06:00:00+00:00', '--job-id', '92', '--raw', '--subdir', 'DAGS_FOLDER/data_ingestion_local.py', '--cfg-path', '/tmp/tmp4ninr2z6', '--error-file', '/tmp/tmp66c_u80g']
[2025-02-08 11:46:20,477] {standard_task_runner.py:77} INFO - Job 92: Subtask wget
[2025-02-08 11:46:20,614] {logging_mixin.py:109} INFO - Running <TaskInstance: LocalIngestionDag.wget scheduled__2024-08-02T06:00:00+00:00 [running]> on host dfc301afada6
[2025-02-08 11:46:20,762] {taskinstance.py:1426} INFO - Exporting the following env vars:
AIRFLOW_CTX_DAG_OWNER=***
AIRFLOW_CTX_DAG_ID=LocalIngestionDag
AIRFLOW_CTX_TASK_ID=wget
AIRFLOW_CTX_EXECUTION_DATE=2024-08-02T06:00:00+00:00
AIRFLOW_CTX_DAG_RUN_ID=scheduled__2024-08-02T06:00:00+00:00
[2025-02-08 11:46:20,763] {subprocess.py:62} INFO - Tmp dir root location: 
 /tmp
[2025-02-08 11:46:20,764] {subprocess.py:74} INFO - Running command: ['bash', '-c', 'echo "Hello world"']
[2025-02-08 11:46:20,801] {subprocess.py:85} INFO - Output:
[2025-02-08 11:46:20,806] {subprocess.py:89} INFO - Hello world
[2025-02-08 11:46:20,807] {subprocess.py:93} INFO - Command exited with return code 0
[2025-02-08 11:46:20,892] {taskinstance.py:1277} INFO - Marking task as SUCCESS. dag_id=LocalIngestionDag, task_id=wget, execution_date=20240802T060000, start_date=20250208T114620, end_date=20250208T114620
[2025-02-08 11:46:20,970] {local_task_job.py:154} INFO - Task exited with return code 0
[2025-02-08 11:46:21,077] {local_task_job.py:264} INFO - 1 downstream tasks scheduled from follow-on schedule check
