[2025-02-08 11:46:12,831] {taskinstance.py:1032} INFO - Dependencies all met for <TaskInstance: LocalIngestionDag.ingest scheduled__2023-07-02T06:00:00+00:00 [queued]>
[2025-02-08 11:46:12,867] {taskinstance.py:1032} INFO - Dependencies all met for <TaskInstance: LocalIngestionDag.ingest scheduled__2023-07-02T06:00:00+00:00 [queued]>
[2025-02-08 11:46:12,867] {taskinstance.py:1238} INFO - 
--------------------------------------------------------------------------------
[2025-02-08 11:46:12,868] {taskinstance.py:1239} INFO - Starting attempt 1 of 1
[2025-02-08 11:46:12,868] {taskinstance.py:1240} INFO - 
--------------------------------------------------------------------------------
[2025-02-08 11:46:12,908] {taskinstance.py:1259} INFO - Executing <Task(BashOperator): ingest> on 2023-07-02 06:00:00+00:00
[2025-02-08 11:46:12,919] {standard_task_runner.py:52} INFO - Started process 650 to run task
[2025-02-08 11:46:12,953] {standard_task_runner.py:76} INFO - Running: ['***', 'tasks', 'run', 'LocalIngestionDag', 'ingest', 'scheduled__2023-07-02T06:00:00+00:00', '--job-id', '73', '--raw', '--subdir', 'DAGS_FOLDER/data_ingestion_local.py', '--cfg-path', '/tmp/tmprw6o99ul', '--error-file', '/tmp/tmp2mjyl8se']
[2025-02-08 11:46:12,973] {standard_task_runner.py:77} INFO - Job 73: Subtask ingest
[2025-02-08 11:46:13,122] {logging_mixin.py:109} INFO - Running <TaskInstance: LocalIngestionDag.ingest scheduled__2023-07-02T06:00:00+00:00 [running]> on host dfc301afada6
[2025-02-08 11:46:13,308] {taskinstance.py:1426} INFO - Exporting the following env vars:
AIRFLOW_CTX_DAG_OWNER=***
AIRFLOW_CTX_DAG_ID=LocalIngestionDag
AIRFLOW_CTX_TASK_ID=ingest
AIRFLOW_CTX_EXECUTION_DATE=2023-07-02T06:00:00+00:00
AIRFLOW_CTX_DAG_RUN_ID=scheduled__2023-07-02T06:00:00+00:00
[2025-02-08 11:46:13,309] {subprocess.py:62} INFO - Tmp dir root location: 
 /tmp
[2025-02-08 11:46:13,310] {subprocess.py:74} INFO - Running command: ['bash', '-c', 'pwd']
[2025-02-08 11:46:13,383] {subprocess.py:85} INFO - Output:
[2025-02-08 11:46:13,400] {subprocess.py:89} INFO - /tmp/***tmpgnz17knl
[2025-02-08 11:46:13,402] {subprocess.py:93} INFO - Command exited with return code 0
[2025-02-08 11:46:13,590] {taskinstance.py:1277} INFO - Marking task as SUCCESS. dag_id=LocalIngestionDag, task_id=ingest, execution_date=20230702T060000, start_date=20250208T114612, end_date=20250208T114613
[2025-02-08 11:46:13,727] {local_task_job.py:154} INFO - Task exited with return code 0
[2025-02-08 11:46:13,807] {local_task_job.py:264} INFO - 0 downstream tasks scheduled from follow-on schedule check
