[2025-02-08 11:46:14,140] {taskinstance.py:1032} INFO - Dependencies all met for <TaskInstance: LocalIngestionDag.ingest scheduled__2023-10-02T06:00:00+00:00 [queued]>
[2025-02-08 11:46:14,161] {taskinstance.py:1032} INFO - Dependencies all met for <TaskInstance: LocalIngestionDag.ingest scheduled__2023-10-02T06:00:00+00:00 [queued]>
[2025-02-08 11:46:14,162] {taskinstance.py:1238} INFO - 
--------------------------------------------------------------------------------
[2025-02-08 11:46:14,162] {taskinstance.py:1239} INFO - Starting attempt 1 of 1
[2025-02-08 11:46:14,163] {taskinstance.py:1240} INFO - 
--------------------------------------------------------------------------------
[2025-02-08 11:46:14,176] {taskinstance.py:1259} INFO - Executing <Task(BashOperator): ingest> on 2023-10-02 06:00:00+00:00
[2025-02-08 11:46:14,185] {standard_task_runner.py:52} INFO - Started process 664 to run task
[2025-02-08 11:46:14,191] {standard_task_runner.py:76} INFO - Running: ['***', 'tasks', 'run', 'LocalIngestionDag', 'ingest', 'scheduled__2023-10-02T06:00:00+00:00', '--job-id', '78', '--raw', '--subdir', 'DAGS_FOLDER/data_ingestion_local.py', '--cfg-path', '/tmp/tmpeths2j9y', '--error-file', '/tmp/tmpr2u28u0y']
[2025-02-08 11:46:14,200] {standard_task_runner.py:77} INFO - Job 78: Subtask ingest
[2025-02-08 11:46:14,268] {logging_mixin.py:109} INFO - Running <TaskInstance: LocalIngestionDag.ingest scheduled__2023-10-02T06:00:00+00:00 [running]> on host dfc301afada6
[2025-02-08 11:46:14,349] {taskinstance.py:1426} INFO - Exporting the following env vars:
AIRFLOW_CTX_DAG_OWNER=***
AIRFLOW_CTX_DAG_ID=LocalIngestionDag
AIRFLOW_CTX_TASK_ID=ingest
AIRFLOW_CTX_EXECUTION_DATE=2023-10-02T06:00:00+00:00
AIRFLOW_CTX_DAG_RUN_ID=scheduled__2023-10-02T06:00:00+00:00
[2025-02-08 11:46:14,351] {subprocess.py:62} INFO - Tmp dir root location: 
 /tmp
[2025-02-08 11:46:14,352] {subprocess.py:74} INFO - Running command: ['bash', '-c', 'pwd']
[2025-02-08 11:46:14,370] {subprocess.py:85} INFO - Output:
[2025-02-08 11:46:14,373] {subprocess.py:89} INFO - /tmp/***tmp5q7za7do
[2025-02-08 11:46:14,373] {subprocess.py:93} INFO - Command exited with return code 0
[2025-02-08 11:46:14,405] {taskinstance.py:1277} INFO - Marking task as SUCCESS. dag_id=LocalIngestionDag, task_id=ingest, execution_date=20231002T060000, start_date=20250208T114614, end_date=20250208T114614
[2025-02-08 11:46:14,452] {local_task_job.py:154} INFO - Task exited with return code 0
[2025-02-08 11:46:14,491] {local_task_job.py:264} INFO - 0 downstream tasks scheduled from follow-on schedule check
