[2025-02-08 11:45:52,084] {taskinstance.py:1032} INFO - Dependencies all met for <TaskInstance: LocalIngestionDag.wget scheduled__2021-04-02T06:00:00+00:00 [queued]>
[2025-02-08 11:45:52,116] {taskinstance.py:1032} INFO - Dependencies all met for <TaskInstance: LocalIngestionDag.wget scheduled__2021-04-02T06:00:00+00:00 [queued]>
[2025-02-08 11:45:52,116] {taskinstance.py:1238} INFO - 
--------------------------------------------------------------------------------
[2025-02-08 11:45:52,116] {taskinstance.py:1239} INFO - Starting attempt 1 of 1
[2025-02-08 11:45:52,116] {taskinstance.py:1240} INFO - 
--------------------------------------------------------------------------------
[2025-02-08 11:45:52,160] {taskinstance.py:1259} INFO - Executing <Task(BashOperator): wget> on 2021-04-02 06:00:00+00:00
[2025-02-08 11:45:52,166] {standard_task_runner.py:52} INFO - Started process 441 to run task
[2025-02-08 11:45:52,196] {standard_task_runner.py:76} INFO - Running: ['***', 'tasks', 'run', 'LocalIngestionDag', 'wget', 'scheduled__2021-04-02T06:00:00+00:00', '--job-id', '11', '--raw', '--subdir', 'DAGS_FOLDER/data_ingestion_local.py', '--cfg-path', '/tmp/tmptev_g92x', '--error-file', '/tmp/tmpqg1melxs']
[2025-02-08 11:45:52,216] {standard_task_runner.py:77} INFO - Job 11: Subtask wget
[2025-02-08 11:45:52,315] {logging_mixin.py:109} INFO - Running <TaskInstance: LocalIngestionDag.wget scheduled__2021-04-02T06:00:00+00:00 [running]> on host dfc301afada6
[2025-02-08 11:45:52,508] {taskinstance.py:1426} INFO - Exporting the following env vars:
AIRFLOW_CTX_DAG_OWNER=***
AIRFLOW_CTX_DAG_ID=LocalIngestionDag
AIRFLOW_CTX_TASK_ID=wget
AIRFLOW_CTX_EXECUTION_DATE=2021-04-02T06:00:00+00:00
AIRFLOW_CTX_DAG_RUN_ID=scheduled__2021-04-02T06:00:00+00:00
[2025-02-08 11:45:52,512] {subprocess.py:62} INFO - Tmp dir root location: 
 /tmp
[2025-02-08 11:45:52,513] {subprocess.py:74} INFO - Running command: ['bash', '-c', 'echo "Hello world"']
[2025-02-08 11:45:52,572] {subprocess.py:85} INFO - Output:
[2025-02-08 11:45:52,579] {subprocess.py:89} INFO - Hello world
[2025-02-08 11:45:52,580] {subprocess.py:93} INFO - Command exited with return code 0
[2025-02-08 11:45:52,786] {taskinstance.py:1277} INFO - Marking task as SUCCESS. dag_id=LocalIngestionDag, task_id=wget, execution_date=20210402T060000, start_date=20250208T114552, end_date=20250208T114552
[2025-02-08 11:45:52,858] {local_task_job.py:154} INFO - Task exited with return code 0
[2025-02-08 11:45:52,957] {local_task_job.py:264} INFO - 1 downstream tasks scheduled from follow-on schedule check
