[2025-02-08 11:46:01,920] {taskinstance.py:1032} INFO - Dependencies all met for <TaskInstance: LocalIngestionDag.ingest scheduled__2022-04-02T06:00:00+00:00 [queued]>
[2025-02-08 11:46:01,936] {taskinstance.py:1032} INFO - Dependencies all met for <TaskInstance: LocalIngestionDag.ingest scheduled__2022-04-02T06:00:00+00:00 [queued]>
[2025-02-08 11:46:01,937] {taskinstance.py:1238} INFO - 
--------------------------------------------------------------------------------
[2025-02-08 11:46:01,937] {taskinstance.py:1239} INFO - Starting attempt 1 of 1
[2025-02-08 11:46:01,937] {taskinstance.py:1240} INFO - 
--------------------------------------------------------------------------------
[2025-02-08 11:46:01,951] {taskinstance.py:1259} INFO - Executing <Task(BashOperator): ingest> on 2022-04-02 06:00:00+00:00
[2025-02-08 11:46:01,957] {standard_task_runner.py:52} INFO - Started process 540 to run task
[2025-02-08 11:46:01,962] {standard_task_runner.py:76} INFO - Running: ['***', 'tasks', 'run', 'LocalIngestionDag', 'ingest', 'scheduled__2022-04-02T06:00:00+00:00', '--job-id', '42', '--raw', '--subdir', 'DAGS_FOLDER/data_ingestion_local.py', '--cfg-path', '/tmp/tmp9jk7u_z6', '--error-file', '/tmp/tmpmu33ygdu']
[2025-02-08 11:46:01,966] {standard_task_runner.py:77} INFO - Job 42: Subtask ingest
[2025-02-08 11:46:02,047] {logging_mixin.py:109} INFO - Running <TaskInstance: LocalIngestionDag.ingest scheduled__2022-04-02T06:00:00+00:00 [running]> on host dfc301afada6
[2025-02-08 11:46:02,139] {taskinstance.py:1426} INFO - Exporting the following env vars:
AIRFLOW_CTX_DAG_OWNER=***
AIRFLOW_CTX_DAG_ID=LocalIngestionDag
AIRFLOW_CTX_TASK_ID=ingest
AIRFLOW_CTX_EXECUTION_DATE=2022-04-02T06:00:00+00:00
AIRFLOW_CTX_DAG_RUN_ID=scheduled__2022-04-02T06:00:00+00:00
[2025-02-08 11:46:02,140] {subprocess.py:62} INFO - Tmp dir root location: 
 /tmp
[2025-02-08 11:46:02,141] {subprocess.py:74} INFO - Running command: ['bash', '-c', 'pwd']
[2025-02-08 11:46:02,158] {subprocess.py:85} INFO - Output:
[2025-02-08 11:46:02,161] {subprocess.py:89} INFO - /tmp/***tmpvjwoevxc
[2025-02-08 11:46:02,162] {subprocess.py:93} INFO - Command exited with return code 0
[2025-02-08 11:46:02,202] {taskinstance.py:1277} INFO - Marking task as SUCCESS. dag_id=LocalIngestionDag, task_id=ingest, execution_date=20220402T060000, start_date=20250208T114601, end_date=20250208T114602
[2025-02-08 11:46:02,260] {local_task_job.py:154} INFO - Task exited with return code 0
[2025-02-08 11:46:02,303] {local_task_job.py:264} INFO - 0 downstream tasks scheduled from follow-on schedule check
