[2025-02-08 11:45:52,928] {taskinstance.py:1032} INFO - Dependencies all met for <TaskInstance: LocalIngestionDag.ingest scheduled__2021-02-02T06:00:00+00:00 [queued]>
[2025-02-08 11:45:53,004] {taskinstance.py:1032} INFO - Dependencies all met for <TaskInstance: LocalIngestionDag.ingest scheduled__2021-02-02T06:00:00+00:00 [queued]>
[2025-02-08 11:45:53,005] {taskinstance.py:1238} INFO - 
--------------------------------------------------------------------------------
[2025-02-08 11:45:53,005] {taskinstance.py:1239} INFO - Starting attempt 1 of 1
[2025-02-08 11:45:53,005] {taskinstance.py:1240} INFO - 
--------------------------------------------------------------------------------
[2025-02-08 11:45:53,108] {taskinstance.py:1259} INFO - Executing <Task(BashOperator): ingest> on 2021-02-02 06:00:00+00:00
[2025-02-08 11:45:53,134] {standard_task_runner.py:52} INFO - Started process 453 to run task
[2025-02-08 11:45:53,155] {standard_task_runner.py:76} INFO - Running: ['***', 'tasks', 'run', 'LocalIngestionDag', 'ingest', 'scheduled__2021-02-02T06:00:00+00:00', '--job-id', '15', '--raw', '--subdir', 'DAGS_FOLDER/data_ingestion_local.py', '--cfg-path', '/tmp/tmpk8c706c3', '--error-file', '/tmp/tmpltstxeve']
[2025-02-08 11:45:53,171] {standard_task_runner.py:77} INFO - Job 15: Subtask ingest
[2025-02-08 11:45:53,327] {logging_mixin.py:109} INFO - Running <TaskInstance: LocalIngestionDag.ingest scheduled__2021-02-02T06:00:00+00:00 [running]> on host dfc301afada6
[2025-02-08 11:45:53,512] {taskinstance.py:1426} INFO - Exporting the following env vars:
AIRFLOW_CTX_DAG_OWNER=***
AIRFLOW_CTX_DAG_ID=LocalIngestionDag
AIRFLOW_CTX_TASK_ID=ingest
AIRFLOW_CTX_EXECUTION_DATE=2021-02-02T06:00:00+00:00
AIRFLOW_CTX_DAG_RUN_ID=scheduled__2021-02-02T06:00:00+00:00
[2025-02-08 11:45:53,515] {subprocess.py:62} INFO - Tmp dir root location: 
 /tmp
[2025-02-08 11:45:53,516] {subprocess.py:74} INFO - Running command: ['bash', '-c', 'pwd']
[2025-02-08 11:45:53,553] {subprocess.py:85} INFO - Output:
[2025-02-08 11:45:53,559] {subprocess.py:89} INFO - /tmp/***tmpfxfd7q3e
[2025-02-08 11:45:53,560] {subprocess.py:93} INFO - Command exited with return code 0
[2025-02-08 11:45:53,616] {taskinstance.py:1277} INFO - Marking task as SUCCESS. dag_id=LocalIngestionDag, task_id=ingest, execution_date=20210202T060000, start_date=20250208T114552, end_date=20250208T114553
[2025-02-08 11:45:53,670] {local_task_job.py:154} INFO - Task exited with return code 0
[2025-02-08 11:45:53,769] {local_task_job.py:264} INFO - 0 downstream tasks scheduled from follow-on schedule check
