[2025-02-08 15:37:09,974] {taskinstance.py:1032} INFO - Dependencies all met for <TaskInstance: LocalIngestionDag.wget scheduled__2023-02-02T06:00:00+00:00 [queued]>
[2025-02-08 15:37:09,990] {taskinstance.py:1032} INFO - Dependencies all met for <TaskInstance: LocalIngestionDag.wget scheduled__2023-02-02T06:00:00+00:00 [queued]>
[2025-02-08 15:37:09,991] {taskinstance.py:1238} INFO - 
--------------------------------------------------------------------------------
[2025-02-08 15:37:09,991] {taskinstance.py:1239} INFO - Starting attempt 10 of 10
[2025-02-08 15:37:09,991] {taskinstance.py:1240} INFO - 
--------------------------------------------------------------------------------
[2025-02-08 15:37:10,012] {taskinstance.py:1259} INFO - Executing <Task(BashOperator): wget> on 2023-02-02 06:00:00+00:00
[2025-02-08 15:37:10,020] {standard_task_runner.py:52} INFO - Started process 5445 to run task
[2025-02-08 15:37:10,023] {standard_task_runner.py:76} INFO - Running: ['***', 'tasks', 'run', 'LocalIngestionDag', 'wget', 'scheduled__2023-02-02T06:00:00+00:00', '--job-id', '126', '--raw', '--subdir', 'DAGS_FOLDER/data_ingestion_local.py', '--cfg-path', '/tmp/tmpv_7k8pa8', '--error-file', '/tmp/tmpx1i7bn6n']
[2025-02-08 15:37:10,027] {standard_task_runner.py:77} INFO - Job 126: Subtask wget
[2025-02-08 15:37:10,111] {logging_mixin.py:109} INFO - Running <TaskInstance: LocalIngestionDag.wget scheduled__2023-02-02T06:00:00+00:00 [running]> on host 56ce40b7c807
[2025-02-08 15:37:10,172] {logging_mixin.py:109} WARNING - /home/***/.local/lib/python3.6/site-packages/***/utils/context.py:152 AirflowContextDeprecationWarning: Accessing 'execution_date' from the template is deprecated and will be removed in a future version. Please use 'data_interval_start' or 'logical_date' instead.
[2025-02-08 15:37:10,201] {taskinstance.py:1426} INFO - Exporting the following env vars:
AIRFLOW_CTX_DAG_OWNER=***
AIRFLOW_CTX_DAG_ID=LocalIngestionDag
AIRFLOW_CTX_TASK_ID=wget
AIRFLOW_CTX_EXECUTION_DATE=2023-02-02T06:00:00+00:00
AIRFLOW_CTX_DAG_RUN_ID=scheduled__2023-02-02T06:00:00+00:00
[2025-02-08 15:37:10,202] {subprocess.py:62} INFO - Tmp dir root location: 
 /tmp
[2025-02-08 15:37:10,203] {subprocess.py:74} INFO - Running command: ['bash', '-c', 'curl -sS https://d37ci6vzurychx.cloudfront.net/trip-data/yellow_tripdata_2023-02.parquet > /opt/***/output_OUTPUT_FILE_TEMPLATE']
[2025-02-08 15:37:10,221] {subprocess.py:85} INFO - Output:
[2025-02-08 15:37:10,486] {subprocess.py:93} INFO - Command exited with return code 0
[2025-02-08 15:37:10,520] {taskinstance.py:1277} INFO - Marking task as SUCCESS. dag_id=LocalIngestionDag, task_id=wget, execution_date=20230202T060000, start_date=20250208T153709, end_date=20250208T153710
[2025-02-08 15:37:10,557] {local_task_job.py:154} INFO - Task exited with return code 0
[2025-02-08 15:37:10,600] {local_task_job.py:264} INFO - 1 downstream tasks scheduled from follow-on schedule check
