[2025-02-08 12:42:37,659] {taskinstance.py:1032} INFO - Dependencies all met for <TaskInstance: LocalIngestionDag.wget scheduled__2023-02-02T06:00:00+00:00 [queued]>
[2025-02-08 12:42:37,672] {taskinstance.py:1032} INFO - Dependencies all met for <TaskInstance: LocalIngestionDag.wget scheduled__2023-02-02T06:00:00+00:00 [queued]>
[2025-02-08 12:42:37,672] {taskinstance.py:1238} INFO - 
--------------------------------------------------------------------------------
[2025-02-08 12:42:37,672] {taskinstance.py:1239} INFO - Starting attempt 5 of 5
[2025-02-08 12:42:37,672] {taskinstance.py:1240} INFO - 
--------------------------------------------------------------------------------
[2025-02-08 12:42:37,687] {taskinstance.py:1259} INFO - Executing <Task(BashOperator): wget> on 2023-02-02 06:00:00+00:00
[2025-02-08 12:42:37,693] {standard_task_runner.py:52} INFO - Started process 1817 to run task
[2025-02-08 12:42:37,696] {standard_task_runner.py:76} INFO - Running: ['***', 'tasks', 'run', 'LocalIngestionDag', 'wget', 'scheduled__2023-02-02T06:00:00+00:00', '--job-id', '113', '--raw', '--subdir', 'DAGS_FOLDER/data_ingestion_local.py', '--cfg-path', '/tmp/tmpnaqz6qv7', '--error-file', '/tmp/tmpe5p47vfl']
[2025-02-08 12:42:37,699] {standard_task_runner.py:77} INFO - Job 113: Subtask wget
[2025-02-08 12:42:37,764] {logging_mixin.py:109} INFO - Running <TaskInstance: LocalIngestionDag.wget scheduled__2023-02-02T06:00:00+00:00 [running]> on host 71cfe5ab9dd3
[2025-02-08 12:42:37,828] {taskinstance.py:1426} INFO - Exporting the following env vars:
AIRFLOW_CTX_DAG_OWNER=***
AIRFLOW_CTX_DAG_ID=LocalIngestionDag
AIRFLOW_CTX_TASK_ID=wget
AIRFLOW_CTX_EXECUTION_DATE=2023-02-02T06:00:00+00:00
AIRFLOW_CTX_DAG_RUN_ID=scheduled__2023-02-02T06:00:00+00:00
[2025-02-08 12:42:37,829] {subprocess.py:62} INFO - Tmp dir root location: 
 /tmp
[2025-02-08 12:42:37,830] {subprocess.py:74} INFO - Running command: ['bash', '-c', 'curl -sS https://d37ci6vzurychx.cloudfront.net/trip-data/yellow_tripdata_2021-01.parquet > /opt/***/output.parquet']
[2025-02-08 12:42:37,846] {subprocess.py:85} INFO - Output:
[2025-02-08 12:42:38,021] {subprocess.py:93} INFO - Command exited with return code 0
[2025-02-08 12:42:38,067] {taskinstance.py:1277} INFO - Marking task as SUCCESS. dag_id=LocalIngestionDag, task_id=wget, execution_date=20230202T060000, start_date=20250208T124237, end_date=20250208T124238
[2025-02-08 12:42:38,110] {local_task_job.py:154} INFO - Task exited with return code 0
[2025-02-08 12:42:38,150] {local_task_job.py:264} INFO - 1 downstream tasks scheduled from follow-on schedule check
