[2025-02-08 12:45:19,777] {taskinstance.py:1032} INFO - Dependencies all met for <TaskInstance: LocalIngestionDag.wget scheduled__2023-02-02T06:00:00+00:00 [queued]>
[2025-02-08 12:45:19,789] {taskinstance.py:1032} INFO - Dependencies all met for <TaskInstance: LocalIngestionDag.wget scheduled__2023-02-02T06:00:00+00:00 [queued]>
[2025-02-08 12:45:19,789] {taskinstance.py:1238} INFO - 
--------------------------------------------------------------------------------
[2025-02-08 12:45:19,789] {taskinstance.py:1239} INFO - Starting attempt 6 of 6
[2025-02-08 12:45:19,789] {taskinstance.py:1240} INFO - 
--------------------------------------------------------------------------------
[2025-02-08 12:45:19,804] {taskinstance.py:1259} INFO - Executing <Task(BashOperator): wget> on 2023-02-02 06:00:00+00:00
[2025-02-08 12:45:19,812] {standard_task_runner.py:52} INFO - Started process 2004 to run task
[2025-02-08 12:45:19,815] {standard_task_runner.py:76} INFO - Running: ['***', 'tasks', 'run', 'LocalIngestionDag', 'wget', 'scheduled__2023-02-02T06:00:00+00:00', '--job-id', '115', '--raw', '--subdir', 'DAGS_FOLDER/data_ingestion_local.py', '--cfg-path', '/tmp/tmpzalos8p7', '--error-file', '/tmp/tmppvxmxb66']
[2025-02-08 12:45:19,818] {standard_task_runner.py:77} INFO - Job 115: Subtask wget
[2025-02-08 12:45:19,887] {logging_mixin.py:109} INFO - Running <TaskInstance: LocalIngestionDag.wget scheduled__2023-02-02T06:00:00+00:00 [running]> on host 71cfe5ab9dd3
[2025-02-08 12:45:19,954] {taskinstance.py:1426} INFO - Exporting the following env vars:
AIRFLOW_CTX_DAG_OWNER=***
AIRFLOW_CTX_DAG_ID=LocalIngestionDag
AIRFLOW_CTX_TASK_ID=wget
AIRFLOW_CTX_EXECUTION_DATE=2023-02-02T06:00:00+00:00
AIRFLOW_CTX_DAG_RUN_ID=scheduled__2023-02-02T06:00:00+00:00
[2025-02-08 12:45:19,955] {subprocess.py:62} INFO - Tmp dir root location: 
 /tmp
[2025-02-08 12:45:19,955] {subprocess.py:74} INFO - Running command: ['bash', '-c', 'curl -sS https://d37ci6vzurychx.cloudfront.net/trip-data/yellow_tripdata_2021-01.parquet > /opt/***/output.parquet']
[2025-02-08 12:45:19,970] {subprocess.py:85} INFO - Output:
[2025-02-08 12:45:20,139] {subprocess.py:93} INFO - Command exited with return code 0
[2025-02-08 12:45:20,186] {taskinstance.py:1277} INFO - Marking task as SUCCESS. dag_id=LocalIngestionDag, task_id=wget, execution_date=20230202T060000, start_date=20250208T124519, end_date=20250208T124520
[2025-02-08 12:45:20,229] {local_task_job.py:154} INFO - Task exited with return code 0
[2025-02-08 12:45:20,269] {local_task_job.py:264} INFO - 1 downstream tasks scheduled from follow-on schedule check
