[2025-02-08 14:40:53,478] {taskinstance.py:1032} INFO - Dependencies all met for <TaskInstance: LocalIngestionDag.wget scheduled__2023-02-02T06:00:00+00:00 [queued]>
[2025-02-08 14:40:53,490] {taskinstance.py:1032} INFO - Dependencies all met for <TaskInstance: LocalIngestionDag.wget scheduled__2023-02-02T06:00:00+00:00 [queued]>
[2025-02-08 14:40:53,491] {taskinstance.py:1238} INFO - 
--------------------------------------------------------------------------------
[2025-02-08 14:40:53,491] {taskinstance.py:1239} INFO - Starting attempt 8 of 8
[2025-02-08 14:40:53,491] {taskinstance.py:1240} INFO - 
--------------------------------------------------------------------------------
[2025-02-08 14:40:53,504] {taskinstance.py:1259} INFO - Executing <Task(BashOperator): wget> on 2023-02-02 06:00:00+00:00
[2025-02-08 14:40:53,510] {standard_task_runner.py:52} INFO - Started process 2236 to run task
[2025-02-08 14:40:53,513] {standard_task_runner.py:76} INFO - Running: ['***', 'tasks', 'run', 'LocalIngestionDag', 'wget', 'scheduled__2023-02-02T06:00:00+00:00', '--job-id', '120', '--raw', '--subdir', 'DAGS_FOLDER/data_ingestion_local.py', '--cfg-path', '/tmp/tmp9qwcuvbg', '--error-file', '/tmp/tmpg4x5oskr']
[2025-02-08 14:40:53,516] {standard_task_runner.py:77} INFO - Job 120: Subtask wget
[2025-02-08 14:40:53,593] {logging_mixin.py:109} INFO - Running <TaskInstance: LocalIngestionDag.wget scheduled__2023-02-02T06:00:00+00:00 [running]> on host 56ce40b7c807
[2025-02-08 14:40:53,653] {logging_mixin.py:109} WARNING - /home/***/.local/lib/python3.6/site-packages/***/utils/context.py:152 AirflowContextDeprecationWarning: Accessing 'execution_date' from the template is deprecated and will be removed in a future version. Please use 'data_interval_start' or 'logical_date' instead.
[2025-02-08 14:40:53,682] {taskinstance.py:1426} INFO - Exporting the following env vars:
AIRFLOW_CTX_DAG_OWNER=***
AIRFLOW_CTX_DAG_ID=LocalIngestionDag
AIRFLOW_CTX_TASK_ID=wget
AIRFLOW_CTX_EXECUTION_DATE=2023-02-02T06:00:00+00:00
AIRFLOW_CTX_DAG_RUN_ID=scheduled__2023-02-02T06:00:00+00:00
[2025-02-08 14:40:53,684] {subprocess.py:62} INFO - Tmp dir root location: 
 /tmp
[2025-02-08 14:40:53,684] {subprocess.py:74} INFO - Running command: ['bash', '-c', 'echo "2023-02"']
[2025-02-08 14:40:53,701] {subprocess.py:85} INFO - Output:
[2025-02-08 14:40:53,703] {subprocess.py:89} INFO - 2023-02
[2025-02-08 14:40:53,704] {subprocess.py:93} INFO - Command exited with return code 0
[2025-02-08 14:40:53,745] {taskinstance.py:1277} INFO - Marking task as SUCCESS. dag_id=LocalIngestionDag, task_id=wget, execution_date=20230202T060000, start_date=20250208T144053, end_date=20250208T144053
[2025-02-08 14:40:53,806] {local_task_job.py:154} INFO - Task exited with return code 0
[2025-02-08 14:40:53,851] {local_task_job.py:264} INFO - 1 downstream tasks scheduled from follow-on schedule check
