[2025-02-08 14:41:16,982] {taskinstance.py:1032} INFO - Dependencies all met for <TaskInstance: LocalIngestionDag.wget scheduled__2023-02-02T06:00:00+00:00 [queued]>
[2025-02-08 14:41:16,993] {taskinstance.py:1032} INFO - Dependencies all met for <TaskInstance: LocalIngestionDag.wget scheduled__2023-02-02T06:00:00+00:00 [queued]>
[2025-02-08 14:41:16,994] {taskinstance.py:1238} INFO - 
--------------------------------------------------------------------------------
[2025-02-08 14:41:16,994] {taskinstance.py:1239} INFO - Starting attempt 9 of 9
[2025-02-08 14:41:16,994] {taskinstance.py:1240} INFO - 
--------------------------------------------------------------------------------
[2025-02-08 14:41:17,007] {taskinstance.py:1259} INFO - Executing <Task(BashOperator): wget> on 2023-02-02 06:00:00+00:00
[2025-02-08 14:41:17,012] {standard_task_runner.py:52} INFO - Started process 2267 to run task
[2025-02-08 14:41:17,015] {standard_task_runner.py:76} INFO - Running: ['***', 'tasks', 'run', 'LocalIngestionDag', 'wget', 'scheduled__2023-02-02T06:00:00+00:00', '--job-id', '122', '--raw', '--subdir', 'DAGS_FOLDER/data_ingestion_local.py', '--cfg-path', '/tmp/tmp5w0rfbqx', '--error-file', '/tmp/tmpr50cprkq']
[2025-02-08 14:41:17,018] {standard_task_runner.py:77} INFO - Job 122: Subtask wget
[2025-02-08 14:41:17,081] {logging_mixin.py:109} INFO - Running <TaskInstance: LocalIngestionDag.wget scheduled__2023-02-02T06:00:00+00:00 [running]> on host 56ce40b7c807
[2025-02-08 14:41:17,134] {logging_mixin.py:109} WARNING - /home/***/.local/lib/python3.6/site-packages/***/utils/context.py:152 AirflowContextDeprecationWarning: Accessing 'execution_date' from the template is deprecated and will be removed in a future version. Please use 'data_interval_start' or 'logical_date' instead.
[2025-02-08 14:41:17,156] {taskinstance.py:1426} INFO - Exporting the following env vars:
AIRFLOW_CTX_DAG_OWNER=***
AIRFLOW_CTX_DAG_ID=LocalIngestionDag
AIRFLOW_CTX_TASK_ID=wget
AIRFLOW_CTX_EXECUTION_DATE=2023-02-02T06:00:00+00:00
AIRFLOW_CTX_DAG_RUN_ID=scheduled__2023-02-02T06:00:00+00:00
[2025-02-08 14:41:17,157] {subprocess.py:62} INFO - Tmp dir root location: 
 /tmp
[2025-02-08 14:41:17,158] {subprocess.py:74} INFO - Running command: ['bash', '-c', 'echo "2023-02"']
[2025-02-08 14:41:17,171] {subprocess.py:85} INFO - Output:
[2025-02-08 14:41:17,174] {subprocess.py:89} INFO - 2023-02
[2025-02-08 14:41:17,175] {subprocess.py:93} INFO - Command exited with return code 0
[2025-02-08 14:41:17,208] {taskinstance.py:1277} INFO - Marking task as SUCCESS. dag_id=LocalIngestionDag, task_id=wget, execution_date=20230202T060000, start_date=20250208T144116, end_date=20250208T144117
[2025-02-08 14:41:17,268] {local_task_job.py:154} INFO - Task exited with return code 0
[2025-02-08 14:41:17,311] {local_task_job.py:264} INFO - 1 downstream tasks scheduled from follow-on schedule check
