[2025-02-08 11:45:54,747] {taskinstance.py:1032} INFO - Dependencies all met for <TaskInstance: LocalIngestionDag.ingest scheduled__2021-06-02T06:00:00+00:00 [queued]>
[2025-02-08 11:45:54,772] {taskinstance.py:1032} INFO - Dependencies all met for <TaskInstance: LocalIngestionDag.ingest scheduled__2021-06-02T06:00:00+00:00 [queued]>
[2025-02-08 11:45:54,772] {taskinstance.py:1238} INFO - 
--------------------------------------------------------------------------------
[2025-02-08 11:45:54,773] {taskinstance.py:1239} INFO - Starting attempt 1 of 1
[2025-02-08 11:45:54,773] {taskinstance.py:1240} INFO - 
--------------------------------------------------------------------------------
[2025-02-08 11:45:54,807] {taskinstance.py:1259} INFO - Executing <Task(BashOperator): ingest> on 2021-06-02 06:00:00+00:00
[2025-02-08 11:45:54,814] {standard_task_runner.py:52} INFO - Started process 479 to run task
[2025-02-08 11:45:54,826] {standard_task_runner.py:76} INFO - Running: ['***', 'tasks', 'run', 'LocalIngestionDag', 'ingest', 'scheduled__2021-06-02T06:00:00+00:00', '--job-id', '21', '--raw', '--subdir', 'DAGS_FOLDER/data_ingestion_local.py', '--cfg-path', '/tmp/tmpzh3l0w4q', '--error-file', '/tmp/tmp2x70n_jo']
[2025-02-08 11:45:54,839] {standard_task_runner.py:77} INFO - Job 21: Subtask ingest
[2025-02-08 11:45:54,964] {logging_mixin.py:109} INFO - Running <TaskInstance: LocalIngestionDag.ingest scheduled__2021-06-02T06:00:00+00:00 [running]> on host dfc301afada6
[2025-02-08 11:45:55,107] {taskinstance.py:1426} INFO - Exporting the following env vars:
AIRFLOW_CTX_DAG_OWNER=***
AIRFLOW_CTX_DAG_ID=LocalIngestionDag
AIRFLOW_CTX_TASK_ID=ingest
AIRFLOW_CTX_EXECUTION_DATE=2021-06-02T06:00:00+00:00
AIRFLOW_CTX_DAG_RUN_ID=scheduled__2021-06-02T06:00:00+00:00
[2025-02-08 11:45:55,112] {subprocess.py:62} INFO - Tmp dir root location: 
 /tmp
[2025-02-08 11:45:55,113] {subprocess.py:74} INFO - Running command: ['bash', '-c', 'pwd']
[2025-02-08 11:45:55,155] {subprocess.py:85} INFO - Output:
[2025-02-08 11:45:55,158] {subprocess.py:89} INFO - /tmp/***tmpoe4kd51d
[2025-02-08 11:45:55,160] {subprocess.py:93} INFO - Command exited with return code 0
[2025-02-08 11:45:55,234] {taskinstance.py:1277} INFO - Marking task as SUCCESS. dag_id=LocalIngestionDag, task_id=ingest, execution_date=20210602T060000, start_date=20250208T114554, end_date=20250208T114555
[2025-02-08 11:45:55,288] {local_task_job.py:154} INFO - Task exited with return code 0
[2025-02-08 11:45:55,384] {local_task_job.py:264} INFO - 0 downstream tasks scheduled from follow-on schedule check
