[2025-02-08 11:45:52,805] {taskinstance.py:1032} INFO - Dependencies all met for <TaskInstance: LocalIngestionDag.wget scheduled__2021-05-02T06:00:00+00:00 [queued]>
[2025-02-08 11:45:52,862] {taskinstance.py:1032} INFO - Dependencies all met for <TaskInstance: LocalIngestionDag.wget scheduled__2021-05-02T06:00:00+00:00 [queued]>
[2025-02-08 11:45:52,862] {taskinstance.py:1238} INFO - 
--------------------------------------------------------------------------------
[2025-02-08 11:45:52,863] {taskinstance.py:1239} INFO - Starting attempt 1 of 1
[2025-02-08 11:45:52,863] {taskinstance.py:1240} INFO - 
--------------------------------------------------------------------------------
[2025-02-08 11:45:52,903] {taskinstance.py:1259} INFO - Executing <Task(BashOperator): wget> on 2021-05-02 06:00:00+00:00
[2025-02-08 11:45:52,915] {standard_task_runner.py:52} INFO - Started process 450 to run task
[2025-02-08 11:45:52,949] {standard_task_runner.py:76} INFO - Running: ['***', 'tasks', 'run', 'LocalIngestionDag', 'wget', 'scheduled__2021-05-02T06:00:00+00:00', '--job-id', '12', '--raw', '--subdir', 'DAGS_FOLDER/data_ingestion_local.py', '--cfg-path', '/tmp/tmpz6_r_0ae', '--error-file', '/tmp/tmp2dul5jc2']
[2025-02-08 11:45:52,954] {standard_task_runner.py:77} INFO - Job 12: Subtask wget
[2025-02-08 11:45:53,174] {logging_mixin.py:109} INFO - Running <TaskInstance: LocalIngestionDag.wget scheduled__2021-05-02T06:00:00+00:00 [running]> on host dfc301afada6
[2025-02-08 11:45:53,319] {taskinstance.py:1426} INFO - Exporting the following env vars:
AIRFLOW_CTX_DAG_OWNER=***
AIRFLOW_CTX_DAG_ID=LocalIngestionDag
AIRFLOW_CTX_TASK_ID=wget
AIRFLOW_CTX_EXECUTION_DATE=2021-05-02T06:00:00+00:00
AIRFLOW_CTX_DAG_RUN_ID=scheduled__2021-05-02T06:00:00+00:00
[2025-02-08 11:45:53,320] {subprocess.py:62} INFO - Tmp dir root location: 
 /tmp
[2025-02-08 11:45:53,321] {subprocess.py:74} INFO - Running command: ['bash', '-c', 'echo "Hello world"']
[2025-02-08 11:45:53,359] {subprocess.py:85} INFO - Output:
[2025-02-08 11:45:53,363] {subprocess.py:89} INFO - Hello world
[2025-02-08 11:45:53,364] {subprocess.py:93} INFO - Command exited with return code 0
[2025-02-08 11:45:53,537] {taskinstance.py:1277} INFO - Marking task as SUCCESS. dag_id=LocalIngestionDag, task_id=wget, execution_date=20210502T060000, start_date=20250208T114552, end_date=20250208T114553
[2025-02-08 11:45:53,724] {local_task_job.py:154} INFO - Task exited with return code 0
[2025-02-08 11:45:53,857] {local_task_job.py:264} INFO - 1 downstream tasks scheduled from follow-on schedule check
