[2025-02-08 11:46:20,955] {taskinstance.py:1032} INFO - Dependencies all met for <TaskInstance: LocalIngestionDag.ingest scheduled__2024-07-02T06:00:00+00:00 [queued]>
[2025-02-08 11:46:20,970] {taskinstance.py:1032} INFO - Dependencies all met for <TaskInstance: LocalIngestionDag.ingest scheduled__2024-07-02T06:00:00+00:00 [queued]>
[2025-02-08 11:46:20,971] {taskinstance.py:1238} INFO - 
--------------------------------------------------------------------------------
[2025-02-08 11:46:20,971] {taskinstance.py:1239} INFO - Starting attempt 1 of 1
[2025-02-08 11:46:20,971] {taskinstance.py:1240} INFO - 
--------------------------------------------------------------------------------
[2025-02-08 11:46:20,996] {taskinstance.py:1259} INFO - Executing <Task(BashOperator): ingest> on 2024-07-02 06:00:00+00:00
[2025-02-08 11:46:21,015] {standard_task_runner.py:52} INFO - Started process 717 to run task
[2025-02-08 11:46:21,011] {standard_task_runner.py:76} INFO - Running: ['***', 'tasks', 'run', 'LocalIngestionDag', 'ingest', 'scheduled__2024-07-02T06:00:00+00:00', '--job-id', '96', '--raw', '--subdir', 'DAGS_FOLDER/data_ingestion_local.py', '--cfg-path', '/tmp/tmpjmc0ktdh', '--error-file', '/tmp/tmph46zyg_e']
[2025-02-08 11:46:21,023] {standard_task_runner.py:77} INFO - Job 96: Subtask ingest
[2025-02-08 11:46:21,172] {logging_mixin.py:109} INFO - Running <TaskInstance: LocalIngestionDag.ingest scheduled__2024-07-02T06:00:00+00:00 [running]> on host dfc301afada6
[2025-02-08 11:46:21,274] {taskinstance.py:1426} INFO - Exporting the following env vars:
AIRFLOW_CTX_DAG_OWNER=***
AIRFLOW_CTX_DAG_ID=LocalIngestionDag
AIRFLOW_CTX_TASK_ID=ingest
AIRFLOW_CTX_EXECUTION_DATE=2024-07-02T06:00:00+00:00
AIRFLOW_CTX_DAG_RUN_ID=scheduled__2024-07-02T06:00:00+00:00
[2025-02-08 11:46:21,275] {subprocess.py:62} INFO - Tmp dir root location: 
 /tmp
[2025-02-08 11:46:21,276] {subprocess.py:74} INFO - Running command: ['bash', '-c', 'pwd']
[2025-02-08 11:46:21,296] {subprocess.py:85} INFO - Output:
[2025-02-08 11:46:21,299] {subprocess.py:89} INFO - /tmp/***tmpmr2mmh_9
[2025-02-08 11:46:21,300] {subprocess.py:93} INFO - Command exited with return code 0
[2025-02-08 11:46:21,335] {taskinstance.py:1277} INFO - Marking task as SUCCESS. dag_id=LocalIngestionDag, task_id=ingest, execution_date=20240702T060000, start_date=20250208T114620, end_date=20250208T114621
[2025-02-08 11:46:21,363] {local_task_job.py:154} INFO - Task exited with return code 0
[2025-02-08 11:46:21,402] {local_task_job.py:264} INFO - 0 downstream tasks scheduled from follow-on schedule check
