[2025-02-08 11:46:11,363] {taskinstance.py:1032} INFO - Dependencies all met for <TaskInstance: LocalIngestionDag.wget scheduled__2023-06-02T06:00:00+00:00 [queued]>
[2025-02-08 11:46:11,384] {taskinstance.py:1032} INFO - Dependencies all met for <TaskInstance: LocalIngestionDag.wget scheduled__2023-06-02T06:00:00+00:00 [queued]>
[2025-02-08 11:46:11,384] {taskinstance.py:1238} INFO - 
--------------------------------------------------------------------------------
[2025-02-08 11:46:11,385] {taskinstance.py:1239} INFO - Starting attempt 1 of 1
[2025-02-08 11:46:11,385] {taskinstance.py:1240} INFO - 
--------------------------------------------------------------------------------
[2025-02-08 11:46:11,432] {taskinstance.py:1259} INFO - Executing <Task(BashOperator): wget> on 2023-06-02 06:00:00+00:00
[2025-02-08 11:46:11,444] {standard_task_runner.py:52} INFO - Started process 629 to run task
[2025-02-08 11:46:11,455] {standard_task_runner.py:76} INFO - Running: ['***', 'tasks', 'run', 'LocalIngestionDag', 'wget', 'scheduled__2023-06-02T06:00:00+00:00', '--job-id', '65', '--raw', '--subdir', 'DAGS_FOLDER/data_ingestion_local.py', '--cfg-path', '/tmp/tmp61tk7ycf', '--error-file', '/tmp/tmpz7iab_yf']
[2025-02-08 11:46:11,461] {standard_task_runner.py:77} INFO - Job 65: Subtask wget
[2025-02-08 11:46:11,617] {logging_mixin.py:109} INFO - Running <TaskInstance: LocalIngestionDag.wget scheduled__2023-06-02T06:00:00+00:00 [running]> on host dfc301afada6
[2025-02-08 11:46:11,733] {taskinstance.py:1426} INFO - Exporting the following env vars:
AIRFLOW_CTX_DAG_OWNER=***
AIRFLOW_CTX_DAG_ID=LocalIngestionDag
AIRFLOW_CTX_TASK_ID=wget
AIRFLOW_CTX_EXECUTION_DATE=2023-06-02T06:00:00+00:00
AIRFLOW_CTX_DAG_RUN_ID=scheduled__2023-06-02T06:00:00+00:00
[2025-02-08 11:46:11,737] {subprocess.py:62} INFO - Tmp dir root location: 
 /tmp
[2025-02-08 11:46:11,738] {subprocess.py:74} INFO - Running command: ['bash', '-c', 'echo "Hello world"']
[2025-02-08 11:46:11,775] {subprocess.py:85} INFO - Output:
[2025-02-08 11:46:11,783] {subprocess.py:89} INFO - Hello world
[2025-02-08 11:46:11,784] {subprocess.py:93} INFO - Command exited with return code 0
[2025-02-08 11:46:11,873] {taskinstance.py:1277} INFO - Marking task as SUCCESS. dag_id=LocalIngestionDag, task_id=wget, execution_date=20230602T060000, start_date=20250208T114611, end_date=20250208T114611
[2025-02-08 11:46:11,929] {local_task_job.py:154} INFO - Task exited with return code 0
[2025-02-08 11:46:12,017] {local_task_job.py:264} INFO - 1 downstream tasks scheduled from follow-on schedule check
