[2025-02-08 11:46:00,588] {taskinstance.py:1032} INFO - Dependencies all met for <TaskInstance: LocalIngestionDag.wget scheduled__2022-05-02T06:00:00+00:00 [queued]>
[2025-02-08 11:46:00,630] {taskinstance.py:1032} INFO - Dependencies all met for <TaskInstance: LocalIngestionDag.wget scheduled__2022-05-02T06:00:00+00:00 [queued]>
[2025-02-08 11:46:00,630] {taskinstance.py:1238} INFO - 
--------------------------------------------------------------------------------
[2025-02-08 11:46:00,634] {taskinstance.py:1239} INFO - Starting attempt 1 of 1
[2025-02-08 11:46:00,635] {taskinstance.py:1240} INFO - 
--------------------------------------------------------------------------------
[2025-02-08 11:46:00,670] {taskinstance.py:1259} INFO - Executing <Task(BashOperator): wget> on 2022-05-02 06:00:00+00:00
[2025-02-08 11:46:00,678] {standard_task_runner.py:52} INFO - Started process 530 to run task
[2025-02-08 11:46:00,685] {standard_task_runner.py:76} INFO - Running: ['***', 'tasks', 'run', 'LocalIngestionDag', 'wget', 'scheduled__2022-05-02T06:00:00+00:00', '--job-id', '38', '--raw', '--subdir', 'DAGS_FOLDER/data_ingestion_local.py', '--cfg-path', '/tmp/tmpxpzd4ro3', '--error-file', '/tmp/tmpv77gwx96']
[2025-02-08 11:46:00,690] {standard_task_runner.py:77} INFO - Job 38: Subtask wget
[2025-02-08 11:46:00,814] {logging_mixin.py:109} INFO - Running <TaskInstance: LocalIngestionDag.wget scheduled__2022-05-02T06:00:00+00:00 [running]> on host dfc301afada6
[2025-02-08 11:46:00,906] {taskinstance.py:1426} INFO - Exporting the following env vars:
AIRFLOW_CTX_DAG_OWNER=***
AIRFLOW_CTX_DAG_ID=LocalIngestionDag
AIRFLOW_CTX_TASK_ID=wget
AIRFLOW_CTX_EXECUTION_DATE=2022-05-02T06:00:00+00:00
AIRFLOW_CTX_DAG_RUN_ID=scheduled__2022-05-02T06:00:00+00:00
[2025-02-08 11:46:00,908] {subprocess.py:62} INFO - Tmp dir root location: 
 /tmp
[2025-02-08 11:46:00,908] {subprocess.py:74} INFO - Running command: ['bash', '-c', 'echo "Hello world"']
[2025-02-08 11:46:00,927] {subprocess.py:85} INFO - Output:
[2025-02-08 11:46:00,930] {subprocess.py:89} INFO - Hello world
[2025-02-08 11:46:00,931] {subprocess.py:93} INFO - Command exited with return code 0
[2025-02-08 11:46:00,971] {taskinstance.py:1277} INFO - Marking task as SUCCESS. dag_id=LocalIngestionDag, task_id=wget, execution_date=20220502T060000, start_date=20250208T114600, end_date=20250208T114600
[2025-02-08 11:46:01,022] {local_task_job.py:154} INFO - Task exited with return code 0
[2025-02-08 11:46:01,063] {local_task_job.py:264} INFO - 1 downstream tasks scheduled from follow-on schedule check
