[2025-02-08 11:46:06,620] {taskinstance.py:1032} INFO - Dependencies all met for <TaskInstance: LocalIngestionDag.ingest scheduled__2022-12-02T06:00:00+00:00 [queued]>
[2025-02-08 11:46:06,635] {taskinstance.py:1032} INFO - Dependencies all met for <TaskInstance: LocalIngestionDag.ingest scheduled__2022-12-02T06:00:00+00:00 [queued]>
[2025-02-08 11:46:06,636] {taskinstance.py:1238} INFO - 
--------------------------------------------------------------------------------
[2025-02-08 11:46:06,636] {taskinstance.py:1239} INFO - Starting attempt 1 of 1
[2025-02-08 11:46:06,636] {taskinstance.py:1240} INFO - 
--------------------------------------------------------------------------------
[2025-02-08 11:46:06,673] {taskinstance.py:1259} INFO - Executing <Task(BashOperator): ingest> on 2022-12-02 06:00:00+00:00
[2025-02-08 11:46:06,680] {standard_task_runner.py:52} INFO - Started process 589 to run task
[2025-02-08 11:46:06,695] {standard_task_runner.py:76} INFO - Running: ['***', 'tasks', 'run', 'LocalIngestionDag', 'ingest', 'scheduled__2022-12-02T06:00:00+00:00', '--job-id', '57', '--raw', '--subdir', 'DAGS_FOLDER/data_ingestion_local.py', '--cfg-path', '/tmp/tmp_32nfflx', '--error-file', '/tmp/tmply0rffg1']
[2025-02-08 11:46:06,706] {standard_task_runner.py:77} INFO - Job 57: Subtask ingest
[2025-02-08 11:46:06,837] {logging_mixin.py:109} INFO - Running <TaskInstance: LocalIngestionDag.ingest scheduled__2022-12-02T06:00:00+00:00 [running]> on host dfc301afada6
[2025-02-08 11:46:06,939] {taskinstance.py:1426} INFO - Exporting the following env vars:
AIRFLOW_CTX_DAG_OWNER=***
AIRFLOW_CTX_DAG_ID=LocalIngestionDag
AIRFLOW_CTX_TASK_ID=ingest
AIRFLOW_CTX_EXECUTION_DATE=2022-12-02T06:00:00+00:00
AIRFLOW_CTX_DAG_RUN_ID=scheduled__2022-12-02T06:00:00+00:00
[2025-02-08 11:46:06,941] {subprocess.py:62} INFO - Tmp dir root location: 
 /tmp
[2025-02-08 11:46:06,942] {subprocess.py:74} INFO - Running command: ['bash', '-c', 'pwd']
[2025-02-08 11:46:06,962] {subprocess.py:85} INFO - Output:
[2025-02-08 11:46:06,964] {subprocess.py:89} INFO - /tmp/***tmpbz9aw1z6
[2025-02-08 11:46:06,965] {subprocess.py:93} INFO - Command exited with return code 0
[2025-02-08 11:46:07,008] {taskinstance.py:1277} INFO - Marking task as SUCCESS. dag_id=LocalIngestionDag, task_id=ingest, execution_date=20221202T060000, start_date=20250208T114606, end_date=20250208T114607
[2025-02-08 11:46:07,065] {local_task_job.py:154} INFO - Task exited with return code 0
[2025-02-08 11:46:07,109] {local_task_job.py:264} INFO - 0 downstream tasks scheduled from follow-on schedule check
